<?xml version="1.0" encoding="UTF-8"?>
<TestRun id="013bc8fa-b29e-4407-824d-f983fbce3aae" name="jenkinsuser@BDXBLD003 2015-07-23 12:26:52" runUser="INTRAXITI\jenkinsuser" xmlns="http://microsoft.com/schemas/VisualStudio/TeamTest/2010">
  <TestSettings name="DATAFEED" id="76fc2936-55db-49ee-80a0-45817dad4b6e">
    <Description>These are default test settings for a local test run.</Description>
    <Deployment userDeploymentRoot="E:\Jenkins\workspace\DataEngine\DATAFEED.Tests\DATAFEED.Tests" useDefaultDeploymentRoot="false" enabled="false" runDeploymentRoot="jenkinsuser_BDXBLD003 2015-07-23 12_26_52" />
    <Execution parallelTestCount="4">
      <TestTypeSpecific>
        <UnitTestRunConfig testTypeId="13cdc9d9-ddb5-4fa4-a97d-d965ccfc6d4b">
          <AssemblyResolution>
            <TestDirectory useLoadContext="true" />
          </AssemblyResolution>
        </UnitTestRunConfig>
      </TestTypeSpecific>
      <AgentRule name="Execution Agents">
      </AgentRule>
    </Execution>
    <Properties />
  </TestSettings>
  <Times creation="2015-07-23T12:26:52.9804984+02:00" queuing="2015-07-23T12:26:53.2175038+02:00" start="2015-07-23T12:26:53.3455070+02:00" finish="2015-07-23T12:31:56.2390198+02:00" />
  <ResultSummary outcome="Failed">
    <Counters total="317" executed="317" passed="195" error="0" failed="116" timeout="0" aborted="0" inconclusive="6" passedButRunAborted="0" notRunnable="0" notExecuted="0" disconnected="0" warning="0" completed="0" inProgress="0" pending="0" />
  </ResultSummary>
  <TestDefinitions>
    <UnitTest name="MultiSpace2Dimensions" storage=".\datafeed.tests\bin\dev\datafeed.tests.dll" id="8a2b60ca-3993-89fe-1c92-4d455102f0f7">
      <Execution timeOut="1800000" id="650d6408-c6fc-4864-8ef3-6d0789d229e3" />
      <TestMethod codeBase="E:/Jenkins/workspace/DataEngine/DATAFEED.Tests/DATAFEED.Tests/bin/Dev/DATAFEED.Tests.dll" adapterTypeName="Microsoft.VisualStudio.TestTools.TestTypes.Unit.UnitTestAdapter, Microsoft.VisualStudio.QualityTools.Tips.UnitTest.Adapter, Version=12.0.0.0, Culture=neutral, PublicKeyToken=b03f5f7f11d50a3a" className="DATAFEED.Tests.MultiSpace, DATAFEED.Tests, Version=1.0.0.0, Culture=neutral, PublicKeyToken=null" name="MultiSpace2Dimensions" />
    </UnitTest>
    <UnitTest name="ErrorGteOperator" storage=".\datafeed.tests\bin\dev\datafeed.tests.dll" id="ef653afe-589e-9087-076e-6f6f4230af35">
      <Execution timeOut="1800000" id="229a94a4-f5f4-4299-89fd-6c9742de8333" />
      <TestMethod codeBase="E:/Jenkins/workspace/DataEngine/DATAFEED.Tests/DATAFEED.Tests/bin/Dev/DATAFEED.Tests.dll" adapterTypeName="Microsoft.VisualStudio.TestTools.TestTypes.Unit.UnitTestAdapter, Microsoft.VisualStudio.QualityTools.Tips.UnitTest.Adapter, Version=12.0.0.0, Culture=neutral, PublicKeyToken=b03f5f7f11d50a3a" className="DATAFEED.Tests.Filter, DATAFEED.Tests, Version=1.0.0.0, Culture=neutral, PublicKeyToken=null" name="ErrorGteOperator" />
    </UnitTest>
    <UnitTest name="LkAndNeqOperator" storage=".\datafeed.tests\bin\dev\datafeed.tests.dll" id="abe14308-036b-736c-67bc-a358d64efb3d">
      <Execution timeOut="1800000" id="0291a395-6e0f-4f9c-81a2-1bf274f43724" />
      <TestMethod codeBase="E:/Jenkins/workspace/DataEngine/DATAFEED.Tests/DATAFEED.Tests/bin/Dev/DATAFEED.Tests.dll" adapterTypeName="Microsoft.VisualStudio.TestTools.TestTypes.Unit.UnitTestAdapter, Microsoft.VisualStudio.QualityTools.Tips.UnitTest.Adapter, Version=12.0.0.0, Culture=neutral, PublicKeyToken=b03f5f7f11d50a3a" className="DATAFEED.Tests.Filter, DATAFEED.Tests, Version=1.0.0.0, Culture=neutral, PublicKeyToken=null" name="LkAndNeqOperator" />
    </UnitTest>
    <UnitTest name="NoMultiPeriodWithMultiSpace" storage=".\datafeed.tests\bin\dev\datafeed.tests.dll" id="ab11d567-736a-4ce4-8d26-ac821d73228d">
      <Execution timeOut="1800000" id="09e3c38c-09bd-44ce-8028-3910c5baad23" />
      <TestMethod codeBase="E:/Jenkins/workspace/DataEngine/DATAFEED.Tests/DATAFEED.Tests/bin/Dev/DATAFEED.Tests.dll" adapterTypeName="Microsoft.VisualStudio.TestTools.TestTypes.Unit.UnitTestAdapter, Microsoft.VisualStudio.QualityTools.Tips.UnitTest.Adapter, Version=12.0.0.0, Culture=neutral, PublicKeyToken=b03f5f7f11d50a3a" className="DATAFEED.Tests.MultiSpace, DATAFEED.Tests, Version=1.0.0.0, Culture=neutral, PublicKeyToken=null" name="NoMultiPeriodWithMultiSpace" />
    </UnitTest>
    <UnitTest name="MultiPeriodMetricPrefixedWithP1" storage=".\datafeed.tests\bin\dev\datafeed.tests.dll" id="3222b6d8-fb2a-79e0-8f58-c18945fa1bd9">
      <Execution timeOut="1800000" id="9c5ab6cb-7608-4e6b-8a74-f0698b0cd4ff" />
      <TestMethod codeBase="E:/Jenkins/workspace/DataEngine/DATAFEED.Tests/DATAFEED.Tests/bin/Dev/DATAFEED.Tests.dll" adapterTypeName="Microsoft.VisualStudio.TestTools.TestTypes.Unit.UnitTestAdapter, Microsoft.VisualStudio.QualityTools.Tips.UnitTest.Adapter, Version=12.0.0.0, Culture=neutral, PublicKeyToken=b03f5f7f11d50a3a" className="DATAFEED.Tests.Period, DATAFEED.Tests, Version=1.0.0.0, Culture=neutral, PublicKeyToken=null" name="MultiPeriodMetricPrefixedWithP1" />
    </UnitTest>
    <UnitTest name="RatioInvalideSyntaxe" storage=".\datafeed.tests\bin\dev\datafeed.tests.dll" id="7b6109a3-a6b2-41c9-d972-cbf8ecb399c0">
      <Execution timeOut="1800000" id="02082040-3def-4b72-8ee9-d3cf3e29fc10" />
      <TestMethod codeBase="E:/Jenkins/workspace/DataEngine/DATAFEED.Tests/DATAFEED.Tests/bin/Dev/DATAFEED.Tests.dll" adapterTypeName="Microsoft.VisualStudio.TestTools.TestTypes.Unit.UnitTestAdapter, Microsoft.VisualStudio.QualityTools.Tips.UnitTest.Adapter, Version=12.0.0.0, Culture=neutral, PublicKeyToken=b03f5f7f11d50a3a" className="DATAFEED.Tests.Ratio, DATAFEED.Tests, Version=1.0.0.0, Culture=neutral, PublicKeyToken=null" name="RatioInvalideSyntaxe" />
    </UnitTest>
    <UnitTest name="P1DeclaredButNoMetricPrefixedWithP1" storage=".\datafeed.tests\bin\dev\datafeed.tests.dll" id="72e25aed-760b-de8b-99d4-8bd38f410fb7">
      <Execution timeOut="1800000" id="1ad822e5-31b8-4e97-b7fb-4ce2c526c995" />
      <TestMethod codeBase="E:/Jenkins/workspace/DataEngine/DATAFEED.Tests/DATAFEED.Tests/bin/Dev/DATAFEED.Tests.dll" adapterTypeName="Microsoft.VisualStudio.TestTools.TestTypes.Unit.UnitTestAdapter, Microsoft.VisualStudio.QualityTools.Tips.UnitTest.Adapter, Version=12.0.0.0, Culture=neutral, PublicKeyToken=b03f5f7f11d50a3a" className="DATAFEED.Tests.Arbo, DATAFEED.Tests, Version=1.0.0.0, Culture=neutral, PublicKeyToken=null" name="P1DeclaredButNoMetricPrefixedWithP1" />
    </UnitTest>
    <UnitTest name="TestSimpleArbo" storage=".\datafeed.tests\bin\dev\datafeed.tests.dll" id="bf2e9d03-a74c-872f-4e13-0a60e11af46c">
      <Execution timeOut="1800000" id="6e6c37c7-c31e-4fb3-a829-07be0cd8d468" />
      <TestMethod codeBase="E:/Jenkins/workspace/DataEngine/DATAFEED.Tests/DATAFEED.Tests/bin/Dev/DATAFEED.Tests.dll" adapterTypeName="Microsoft.VisualStudio.TestTools.TestTypes.Unit.UnitTestAdapter, Microsoft.VisualStudio.QualityTools.Tips.UnitTest.Adapter, Version=12.0.0.0, Culture=neutral, PublicKeyToken=b03f5f7f11d50a3a" className="DATAFEED.Tests.Arbo, DATAFEED.Tests, Version=1.0.0.0, Culture=neutral, PublicKeyToken=null" name="TestSimpleArbo" />
    </UnitTest>
    <UnitTest name="JsonRowCountEvo" storage=".\datafeed.tests\bin\dev\datafeed.tests.dll" id="ba720b2f-4e75-8819-b338-170d40f1c5b9">
      <Execution timeOut="1800000" id="1d3a6dbd-c395-44cc-af6a-39e93f253fa9" />
      <TestMethod codeBase="E:/Jenkins/workspace/DataEngine/DATAFEED.Tests/DATAFEED.Tests/bin/Dev/DATAFEED.Tests.dll" adapterTypeName="Microsoft.VisualStudio.TestTools.TestTypes.Unit.UnitTestAdapter, Microsoft.VisualStudio.QualityTools.Tips.UnitTest.Adapter, Version=12.0.0.0, Culture=neutral, PublicKeyToken=b03f5f7f11d50a3a" className="DATAFEED.Tests.GetRowCount, DATAFEED.Tests, Version=1.0.0.0, Culture=neutral, PublicKeyToken=null" name="JsonRowCountEvo" />
    </UnitTest>
    <UnitTest name="DataMonoSpace" storage=".\datafeed.tests\bin\dev\datafeed.tests.dll" id="efcc7a50-00f9-438a-3394-626f8e33ef13">
      <Execution timeOut="1800000" id="0ac12070-b373-42ff-8b70-b4784671c7c5" />
      <TestMethod codeBase="E:/Jenkins/workspace/DataEngine/DATAFEED.Tests/DATAFEED.Tests/bin/Dev/DATAFEED.Tests.dll" adapterTypeName="Microsoft.VisualStudio.TestTools.TestTypes.Unit.UnitTestAdapter, Microsoft.VisualStudio.QualityTools.Tips.UnitTest.Adapter, Version=12.0.0.0, Culture=neutral, PublicKeyToken=b03f5f7f11d50a3a" className="DATAFEED.Tests.Space, DATAFEED.Tests, Version=1.0.0.0, Culture=neutral, PublicKeyToken=null" name="DataMonoSpace" />
    </UnitTest>
    <UnitTest name="TestEvoSimpleNotStandalone" storage=".\datafeed.tests\bin\dev\datafeed.tests.dll" id="7de44b7e-e87a-3cbe-d4cd-7b24ecb1330c">
      <Execution timeOut="1800000" id="5129ce4b-39dc-4a0e-9f93-3c9328c8941f" />
      <TestMethod codeBase="E:/Jenkins/workspace/DataEngine/DATAFEED.Tests/DATAFEED.Tests/bin/Dev/DATAFEED.Tests.dll" adapterTypeName="Microsoft.VisualStudio.TestTools.TestTypes.Unit.UnitTestAdapter, Microsoft.VisualStudio.QualityTools.Tips.UnitTest.Adapter, Version=12.0.0.0, Culture=neutral, PublicKeyToken=b03f5f7f11d50a3a" className="DATAFEED.Tests.Evolution, DATAFEED.Tests, Version=1.0.0.0, Culture=neutral, PublicKeyToken=null" name="TestEvoSimpleNotStandalone" />
    </UnitTest>
    <UnitTest name="DataMonoSpaceMultiSite" storage=".\datafeed.tests\bin\dev\datafeed.tests.dll" id="557c23bc-8b39-81dc-3eaa-021bd76aa937">
      <Execution timeOut="1800000" id="03885759-0e05-426b-bc70-adf1146f67f1" />
      <TestMethod codeBase="E:/Jenkins/workspace/DataEngine/DATAFEED.Tests/DATAFEED.Tests/bin/Dev/DATAFEED.Tests.dll" adapterTypeName="Microsoft.VisualStudio.TestTools.TestTypes.Unit.UnitTestAdapter, Microsoft.VisualStudio.QualityTools.Tips.UnitTest.Adapter, Version=12.0.0.0, Culture=neutral, PublicKeyToken=b03f5f7f11d50a3a" className="DATAFEED.Tests.Space, DATAFEED.Tests, Version=1.0.0.0, Culture=neutral, PublicKeyToken=null" name="DataMonoSpaceMultiSite" />
    </UnitTest>
    <UnitTest name="SimpleColumnHidden" storage=".\datafeed.tests\bin\dev\datafeed.tests.dll" id="53a6f3ed-c1b8-affe-0cfc-2c6543fde1ae">
      <Execution timeOut="1800000" id="5395be4f-be0f-400b-a492-9ac6463aeb6d" />
      <TestMethod codeBase="E:/Jenkins/workspace/DataEngine/DATAFEED.Tests/DATAFEED.Tests/bin/Dev/DATAFEED.Tests.dll" adapterTypeName="Microsoft.VisualStudio.TestTools.TestTypes.Unit.UnitTestAdapter, Microsoft.VisualStudio.QualityTools.Tips.UnitTest.Adapter, Version=12.0.0.0, Culture=neutral, PublicKeyToken=b03f5f7f11d50a3a" className="DATAFEED.Tests.ColumnHidden, DATAFEED.Tests, Version=1.0.0.0, Culture=neutral, PublicKeyToken=null" name="SimpleColumnHidden" />
    </UnitTest>
    <UnitTest name="CheckOptionGroup" storage=".\datafeed.tests\bin\dev\datafeed.tests.dll" id="ee75aa05-5cea-4834-656c-65e4f57e30e5">
      <Execution timeOut="1800000" id="1c3fbdb1-c527-4370-98bd-72ec17973e2d" />
      <TestMethod codeBase="E:/Jenkins/workspace/DataEngine/DATAFEED.Tests/DATAFEED.Tests/bin/Dev/DATAFEED.Tests.dll" adapterTypeName="Microsoft.VisualStudio.TestTools.TestTypes.Unit.UnitTestAdapter, Microsoft.VisualStudio.QualityTools.Tips.UnitTest.Adapter, Version=12.0.0.0, Culture=neutral, PublicKeyToken=b03f5f7f11d50a3a" className="DATAFEED.Tests.SiteGroup, DATAFEED.Tests, Version=1.0.0.0, Culture=neutral, PublicKeyToken=null" name="CheckOptionGroup" />
    </UnitTest>
    <UnitTest name="TestMinuteForPeriodLessThan1Week" storage=".\datafeed.tests\bin\dev\datafeed.tests.dll" id="549aeafa-0419-e1e9-b386-ebab1cfcd028">
      <Execution timeOut="1800000" id="b64df25a-a837-483f-bcd9-df9c4e731d01" />
      <TestMethod codeBase="E:/Jenkins/workspace/DataEngine/DATAFEED.Tests/DATAFEED.Tests/bin/Dev/DATAFEED.Tests.dll" adapterTypeName="Microsoft.VisualStudio.TestTools.TestTypes.Unit.UnitTestAdapter, Microsoft.VisualStudio.QualityTools.Tips.UnitTest.Adapter, Version=12.0.0.0, Culture=neutral, PublicKeyToken=b03f5f7f11d50a3a" className="DATAFEED.Tests.Evolution, DATAFEED.Tests, Version=1.0.0.0, Culture=neutral, PublicKeyToken=null" name="TestMinuteForPeriodLessThan1Week" />
    </UnitTest>
    <UnitTest name="ExtractTotaux" storage=".\datafeed.tests\bin\dev\datafeed.tests.dll" id="8ae49fe0-a3ba-6daa-0c71-60938466cf4a">
      <Execution timeOut="1800000" id="88d79607-7d74-454e-8b7d-086eabc21a0b" />
      <TestMethod codeBase="E:/Jenkins/workspace/DataEngine/DATAFEED.Tests/DATAFEED.Tests/bin/Dev/DATAFEED.Tests.dll" adapterTypeName="Microsoft.VisualStudio.TestTools.TestTypes.Unit.UnitTestAdapter, Microsoft.VisualStudio.QualityTools.Tips.UnitTest.Adapter, Version=12.0.0.0, Culture=neutral, PublicKeyToken=b03f5f7f11d50a3a" className="DATAFEED.Tests.Extract, DATAFEED.Tests, Version=1.0.0.0, Culture=neutral, PublicKeyToken=null" name="ExtractTotaux" />
    </UnitTest>
    <UnitTest name="SpaceNotOptional" storage=".\datafeed.tests\bin\dev\datafeed.tests.dll" id="dfe65cb1-7d2d-dc6b-f99c-461645d0a6a9">
      <Execution timeOut="1800000" id="04bbf816-0758-4d22-b7a1-ba250bb56f22" />
      <TestMethod codeBase="E:/Jenkins/workspace/DataEngine/DATAFEED.Tests/DATAFEED.Tests/bin/Dev/DATAFEED.Tests.dll" adapterTypeName="Microsoft.VisualStudio.TestTools.TestTypes.Unit.UnitTestAdapter, Microsoft.VisualStudio.QualityTools.Tips.UnitTest.Adapter, Version=12.0.0.0, Culture=neutral, PublicKeyToken=b03f5f7f11d50a3a" className="DATAFEED.Tests.Space, DATAFEED.Tests, Version=1.0.0.0, Culture=neutral, PublicKeyToken=null" name="SpaceNotOptional" />
    </UnitTest>
    <UnitTest name="TestSampleMultiPeriod" storage=".\datafeed.tests\bin\dev\datafeed.tests.dll" id="b16dcec7-756f-0a76-923b-07ae52e9767f">
      <Execution timeOut="1800000" id="f6e91397-0b8d-4a19-a999-291c4d98d2d8" />
      <TestMethod codeBase="E:/Jenkins/workspace/DataEngine/DATAFEED.Tests/DATAFEED.Tests/bin/Dev/DATAFEED.Tests.dll" adapterTypeName="Microsoft.VisualStudio.TestTools.TestTypes.Unit.UnitTestAdapter, Microsoft.VisualStudio.QualityTools.Tips.UnitTest.Adapter, Version=12.0.0.0, Culture=neutral, PublicKeyToken=b03f5f7f11d50a3a" className="DATAFEED.Tests.Sample, DATAFEED.Tests, Version=1.0.0.0, Culture=neutral, PublicKeyToken=null" name="TestSampleMultiPeriod" />
    </UnitTest>
    <UnitTest name="MultiSpaceRatioForbidden" storage=".\datafeed.tests\bin\dev\datafeed.tests.dll" id="257ff0ef-006e-a366-0531-edcdadf9bd7d">
      <Execution timeOut="1800000" id="af07fa33-f0b2-419c-a5a1-bd4474d1ef81" />
      <TestMethod codeBase="E:/Jenkins/workspace/DataEngine/DATAFEED.Tests/DATAFEED.Tests/bin/Dev/DATAFEED.Tests.dll" adapterTypeName="Microsoft.VisualStudio.TestTools.TestTypes.Unit.UnitTestAdapter, Microsoft.VisualStudio.QualityTools.Tips.UnitTest.Adapter, Version=12.0.0.0, Culture=neutral, PublicKeyToken=b03f5f7f11d50a3a" className="DATAFEED.Tests.MultiSpace, DATAFEED.Tests, Version=1.0.0.0, Culture=neutral, PublicKeyToken=null" name="MultiSpaceRatioForbidden" />
    </UnitTest>
    <UnitTest name="TestApiUser" storage=".\datafeed.tests\bin\dev\datafeed.tests.dll" id="2ee48829-9bdf-6ec4-2d09-6c0b5dc565a2">
      <Execution timeOut="1800000" id="30d7f264-09ea-4b21-9cd7-0750ee9133d9" />
      <TestMethod codeBase="E:/Jenkins/workspace/DataEngine/DATAFEED.Tests/DATAFEED.Tests/bin/Dev/DATAFEED.Tests.dll" adapterTypeName="Microsoft.VisualStudio.TestTools.TestTypes.Unit.UnitTestAdapter, Microsoft.VisualStudio.QualityTools.Tips.UnitTest.Adapter, Version=12.0.0.0, Culture=neutral, PublicKeyToken=b03f5f7f11d50a3a" className="DATAFEED.Tests.CompteApi, DATAFEED.Tests, Version=1.0.0.0, Culture=neutral, PublicKeyToken=null" name="TestApiUser" />
    </UnitTest>
    <UnitTest name="MultiPeriodIqy" storage=".\datafeed.tests\bin\dev\datafeed.tests.dll" id="d22e7869-ce10-549f-45aa-c2ade73fa433">
      <Execution timeOut="1800000" id="e4d8b82f-4ee6-4389-9b6a-670a5f2b9550" />
      <TestMethod codeBase="E:/Jenkins/workspace/DataEngine/DATAFEED.Tests/DATAFEED.Tests/bin/Dev/DATAFEED.Tests.dll" adapterTypeName="Microsoft.VisualStudio.TestTools.TestTypes.Unit.UnitTestAdapter, Microsoft.VisualStudio.QualityTools.Tips.UnitTest.Adapter, Version=12.0.0.0, Culture=neutral, PublicKeyToken=b03f5f7f11d50a3a" className="DATAFEED.Tests.IqyAlias, DATAFEED.Tests, Version=1.0.0.0, Culture=neutral, PublicKeyToken=null" name="MultiPeriodIqy" />
    </UnitTest>
    <UnitTest name="TestPeriod_M_Evo_W" storage=".\datafeed.tests\bin\dev\datafeed.tests.dll" id="6559948f-30c2-a3a2-0879-c602e4eeae53">
      <Execution timeOut="1800000" id="50131270-3081-4991-a40c-cf65f31bdb13" />
      <TestMethod codeBase="E:/Jenkins/workspace/DataEngine/DATAFEED.Tests/DATAFEED.Tests/bin/Dev/DATAFEED.Tests.dll" adapterTypeName="Microsoft.VisualStudio.TestTools.TestTypes.Unit.UnitTestAdapter, Microsoft.VisualStudio.QualityTools.Tips.UnitTest.Adapter, Version=12.0.0.0, Culture=neutral, PublicKeyToken=b03f5f7f11d50a3a" className="DATAFEED.Tests.Evolution, DATAFEED.Tests, Version=1.0.0.0, Culture=neutral, PublicKeyToken=null" name="TestPeriod_M_Evo_W" />
    </UnitTest>
    <UnitTest name="GetMaxDateXML" storage=".\datafeed.tests\bin\dev\datafeed.tests.dll" id="fa5705f6-211a-e436-c6d6-90da2ac615aa">
      <Execution timeOut="1800000" id="d39abce9-f216-44c4-9d94-898fc4bd6fef" />
      <TestMethod codeBase="E:/Jenkins/workspace/DataEngine/DATAFEED.Tests/DATAFEED.Tests/bin/Dev/DATAFEED.Tests.dll" adapterTypeName="Microsoft.VisualStudio.TestTools.TestTypes.Unit.UnitTestAdapter, Microsoft.VisualStudio.QualityTools.Tips.UnitTest.Adapter, Version=12.0.0.0, Culture=neutral, PublicKeyToken=b03f5f7f11d50a3a" className="DATAFEED.Tests.MaxDate, DATAFEED.Tests, Version=1.0.0.0, Culture=neutral, PublicKeyToken=null" name="GetMaxDateXML" />
    </UnitTest>
    <UnitTest name="MaxResultsDefault100" storage=".\datafeed.tests\bin\dev\datafeed.tests.dll" id="01c3ded9-849a-e678-db9b-0ee4c6301cfc">
      <Execution timeOut="1800000" id="3d0d34da-dbf2-43d2-84a7-2fd38920f9cd" />
      <TestMethod codeBase="E:/Jenkins/workspace/DataEngine/DATAFEED.Tests/DATAFEED.Tests/bin/Dev/DATAFEED.Tests.dll" adapterTypeName="Microsoft.VisualStudio.TestTools.TestTypes.Unit.UnitTestAdapter, Microsoft.VisualStudio.QualityTools.Tips.UnitTest.Adapter, Version=12.0.0.0, Culture=neutral, PublicKeyToken=b03f5f7f11d50a3a" className="DATAFEED.Tests.MaxResultsZero, DATAFEED.Tests, Version=1.0.0.0, Culture=neutral, PublicKeyToken=null" name="MaxResultsDefault100" />
    </UnitTest>
    <UnitTest name="SimpleGroup" storage=".\datafeed.tests\bin\dev\datafeed.tests.dll" id="0367f31d-a02d-6b24-4f52-114699790b71">
      <Execution timeOut="1800000" id="4b39b2fe-cc11-4a98-80b7-20074319aaa5" />
      <TestMethod codeBase="E:/Jenkins/workspace/DataEngine/DATAFEED.Tests/DATAFEED.Tests/bin/Dev/DATAFEED.Tests.dll" adapterTypeName="Microsoft.VisualStudio.TestTools.TestTypes.Unit.UnitTestAdapter, Microsoft.VisualStudio.QualityTools.Tips.UnitTest.Adapter, Version=12.0.0.0, Culture=neutral, PublicKeyToken=b03f5f7f11d50a3a" className="DATAFEED.Tests.SiteGroup, DATAFEED.Tests, Version=1.0.0.0, Culture=neutral, PublicKeyToken=null" name="SimpleGroup" />
    </UnitTest>
    <UnitTest name="IncludeParent" storage=".\datafeed.tests\bin\dev\datafeed.tests.dll" id="01465045-36ca-46b6-e1ad-426bce6a9151">
      <Execution timeOut="1800000" id="4db60e73-24ed-4e08-a462-cfc0594f5499" />
      <TestMethod codeBase="E:/Jenkins/workspace/DataEngine/DATAFEED.Tests/DATAFEED.Tests/bin/Dev/DATAFEED.Tests.dll" adapterTypeName="Microsoft.VisualStudio.TestTools.TestTypes.Unit.UnitTestAdapter, Microsoft.VisualStudio.QualityTools.Tips.UnitTest.Adapter, Version=12.0.0.0, Culture=neutral, PublicKeyToken=b03f5f7f11d50a3a" className="DATAFEED.Tests.Context, DATAFEED.Tests, Version=1.0.0.0, Culture=neutral, PublicKeyToken=null" name="IncludeParent" />
    </UnitTest>
    <UnitTest name="GetDataFromCloud" storage=".\datafeed.tests\bin\dev\datafeed.tests.dll" id="8e1e7fc0-1dc0-926f-9f77-4ea168b7ca4e">
      <Execution timeOut="1800000" id="f1ef2e69-98bb-498a-8894-56860947b422" />
      <TestMethod codeBase="E:/Jenkins/workspace/DataEngine/DATAFEED.Tests/DATAFEED.Tests/bin/Dev/DATAFEED.Tests.dll" adapterTypeName="Microsoft.VisualStudio.TestTools.TestTypes.Unit.UnitTestAdapter, Microsoft.VisualStudio.QualityTools.Tips.UnitTest.Adapter, Version=12.0.0.0, Culture=neutral, PublicKeyToken=b03f5f7f11d50a3a" className="DATAFEED.Tests.RestV1, DATAFEED.Tests, Version=1.0.0.0, Culture=neutral, PublicKeyToken=null" name="GetDataFromCloud" />
    </UnitTest>
    <UnitTest name="DataTest" storage=".\datafeed.tests\bin\dev\datafeed.tests.dll" id="ae6ae0e9-3405-0ebb-8a49-3d8156fb044d">
      <Execution timeOut="1800000" id="a8642aec-0be3-4f7c-a1a5-9a736ce0b6f1" />
      <TestMethod codeBase="E:/Jenkins/workspace/DataEngine/DATAFEED.Tests/DATAFEED.Tests/bin/Dev/DATAFEED.Tests.dll" adapterTypeName="Microsoft.VisualStudio.TestTools.TestTypes.Unit.UnitTestAdapter, Microsoft.VisualStudio.QualityTools.Tips.UnitTest.Adapter, Version=12.0.0.0, Culture=neutral, PublicKeyToken=b03f5f7f11d50a3a" className="DATAFEED.Tests.SchemaXsdTest, DATAFEED.Tests, Version=1.0.0.0, Culture=neutral, PublicKeyToken=null" name="DataTest" />
    </UnitTest>
    <UnitTest name="HtmlRowCountMultispace" storage=".\datafeed.tests\bin\dev\datafeed.tests.dll" id="9dda66a7-6ac0-9158-acaf-9640df9de8da">
      <Execution timeOut="1800000" id="7c74c9c8-3d31-4d3f-a149-e162cc7db83a" />
      <TestMethod codeBase="E:/Jenkins/workspace/DataEngine/DATAFEED.Tests/DATAFEED.Tests/bin/Dev/DATAFEED.Tests.dll" adapterTypeName="Microsoft.VisualStudio.TestTools.TestTypes.Unit.UnitTestAdapter, Microsoft.VisualStudio.QualityTools.Tips.UnitTest.Adapter, Version=12.0.0.0, Culture=neutral, PublicKeyToken=b03f5f7f11d50a3a" className="DATAFEED.Tests.GetRowCount, DATAFEED.Tests, Version=1.0.0.0, Culture=neutral, PublicKeyToken=null" name="HtmlRowCountMultispace" />
    </UnitTest>
    <UnitTest name="DataArbo" storage=".\datafeed.tests\bin\dev\datafeed.tests.dll" id="6e3cac5e-43b9-9fc5-0cd8-bc05ed4297bc">
      <Execution timeOut="1800000" id="2a637ac4-5a08-4d32-89f6-c0e7a8329f27" />
      <TestMethod codeBase="E:/Jenkins/workspace/DataEngine/DATAFEED.Tests/DATAFEED.Tests/bin/Dev/DATAFEED.Tests.dll" adapterTypeName="Microsoft.VisualStudio.TestTools.TestTypes.Unit.UnitTestAdapter, Microsoft.VisualStudio.QualityTools.Tips.UnitTest.Adapter, Version=12.0.0.0, Culture=neutral, PublicKeyToken=b03f5f7f11d50a3a" className="DATAFEED.Tests.SchemaXsdTest, DATAFEED.Tests, Version=1.0.0.0, Culture=neutral, PublicKeyToken=null" name="DataArbo" />
    </UnitTest>
    <UnitTest name="NlkAndNeqOperator" storage=".\datafeed.tests\bin\dev\datafeed.tests.dll" id="b721ea4d-3a38-726e-51ce-d9cc81e3ff58">
      <Execution timeOut="1800000" id="78b468ae-93e7-423f-8fb7-8e01e719e43e" />
      <TestMethod codeBase="E:/Jenkins/workspace/DataEngine/DATAFEED.Tests/DATAFEED.Tests/bin/Dev/DATAFEED.Tests.dll" adapterTypeName="Microsoft.VisualStudio.TestTools.TestTypes.Unit.UnitTestAdapter, Microsoft.VisualStudio.QualityTools.Tips.UnitTest.Adapter, Version=12.0.0.0, Culture=neutral, PublicKeyToken=b03f5f7f11d50a3a" className="DATAFEED.Tests.Filter, DATAFEED.Tests, Version=1.0.0.0, Culture=neutral, PublicKeyToken=null" name="NlkAndNeqOperator" />
    </UnitTest>
    <UnitTest name="TestPeriod_M_Evo_Y" storage=".\datafeed.tests\bin\dev\datafeed.tests.dll" id="85f9bb35-b0ce-5d90-0ae5-0476aaf77b19">
      <Execution timeOut="1800000" id="4e87cdc7-ef8a-4c5e-b054-0f8e6efd124e" />
      <TestMethod codeBase="E:/Jenkins/workspace/DataEngine/DATAFEED.Tests/DATAFEED.Tests/bin/Dev/DATAFEED.Tests.dll" adapterTypeName="Microsoft.VisualStudio.TestTools.TestTypes.Unit.UnitTestAdapter, Microsoft.VisualStudio.QualityTools.Tips.UnitTest.Adapter, Version=12.0.0.0, Culture=neutral, PublicKeyToken=b03f5f7f11d50a3a" className="DATAFEED.Tests.Evolution, DATAFEED.Tests, Version=1.0.0.0, Culture=neutral, PublicKeyToken=null" name="TestPeriod_M_Evo_Y" />
    </UnitTest>
    <UnitTest name="ErrorIqy" storage=".\datafeed.tests\bin\dev\datafeed.tests.dll" id="90a9ff16-81e2-2b83-813e-4d54a776405d">
      <Execution timeOut="1800000" id="c0cce2a6-68cd-42a9-a9e4-56e819ce1ef0" />
      <TestMethod codeBase="E:/Jenkins/workspace/DataEngine/DATAFEED.Tests/DATAFEED.Tests/bin/Dev/DATAFEED.Tests.dll" adapterTypeName="Microsoft.VisualStudio.TestTools.TestTypes.Unit.UnitTestAdapter, Microsoft.VisualStudio.QualityTools.Tips.UnitTest.Adapter, Version=12.0.0.0, Culture=neutral, PublicKeyToken=b03f5f7f11d50a3a" className="DATAFEED.Tests.IqyAlias, DATAFEED.Tests, Version=1.0.0.0, Culture=neutral, PublicKeyToken=null" name="ErrorIqy" />
    </UnitTest>
    <UnitTest name="GetCustomReportTest" storage=".\datafeed.tests\bin\dev\datafeed.tests.dll" id="f0aab23d-0edd-0a9d-10d0-91aeda6fcb56">
      <Execution timeOut="1800000" id="9fd7291f-bf6e-4a90-8275-a9821d0225bb" />
      <TestMethod codeBase="E:/Jenkins/workspace/DataEngine/DATAFEED.Tests/DATAFEED.Tests/bin/Dev/DATAFEED.Tests.dll" adapterTypeName="Microsoft.VisualStudio.TestTools.TestTypes.Unit.UnitTestAdapter, Microsoft.VisualStudio.QualityTools.Tips.UnitTest.Adapter, Version=12.0.0.0, Culture=neutral, PublicKeyToken=b03f5f7f11d50a3a" className="DATAFEED.Tests.RestV1, DATAFEED.Tests, Version=1.0.0.0, Culture=neutral, PublicKeyToken=null" name="GetCustomReportTest" />
    </UnitTest>
    <UnitTest name="RatioWithoutInclude" storage=".\datafeed.tests\bin\dev\datafeed.tests.dll" id="b0d2dfb1-e810-5a7a-3758-c5edbb87e635">
      <Execution timeOut="1800000" id="c6879769-6f41-4b5b-aa56-686c66ea0d59" />
      <TestMethod codeBase="E:/Jenkins/workspace/DataEngine/DATAFEED.Tests/DATAFEED.Tests/bin/Dev/DATAFEED.Tests.dll" adapterTypeName="Microsoft.VisualStudio.TestTools.TestTypes.Unit.UnitTestAdapter, Microsoft.VisualStudio.QualityTools.Tips.UnitTest.Adapter, Version=12.0.0.0, Culture=neutral, PublicKeyToken=b03f5f7f11d50a3a" className="DATAFEED.Tests.Ratio, DATAFEED.Tests, Version=1.0.0.0, Culture=neutral, PublicKeyToken=null" name="RatioWithoutInclude" />
    </UnitTest>
    <UnitTest name="TestEvoInMultiPeriodMultiDim" storage=".\datafeed.tests\bin\dev\datafeed.tests.dll" id="c9a06dac-bded-a6e0-da6a-404d2d98794a">
      <Execution timeOut="1800000" id="5dc27d65-2f0c-4122-bc1c-062911d44044" />
      <TestMethod codeBase="E:/Jenkins/workspace/DataEngine/DATAFEED.Tests/DATAFEED.Tests/bin/Dev/DATAFEED.Tests.dll" adapterTypeName="Microsoft.VisualStudio.TestTools.TestTypes.Unit.UnitTestAdapter, Microsoft.VisualStudio.QualityTools.Tips.UnitTest.Adapter, Version=12.0.0.0, Culture=neutral, PublicKeyToken=b03f5f7f11d50a3a" className="DATAFEED.Tests.Evolution, DATAFEED.Tests, Version=1.0.0.0, Culture=neutral, PublicKeyToken=null" name="TestEvoInMultiPeriodMultiDim" />
    </UnitTest>
    <UnitTest name="EmptyOperator" storage=".\datafeed.tests\bin\dev\datafeed.tests.dll" id="a687aa15-7e9a-1081-d5a6-f17b2a27a31a">
      <Execution timeOut="1800000" id="1046bae4-4a29-45de-b7f5-1c8c7b10ae4c" />
      <TestMethod codeBase="E:/Jenkins/workspace/DataEngine/DATAFEED.Tests/DATAFEED.Tests/bin/Dev/DATAFEED.Tests.dll" adapterTypeName="Microsoft.VisualStudio.TestTools.TestTypes.Unit.UnitTestAdapter, Microsoft.VisualStudio.QualityTools.Tips.UnitTest.Adapter, Version=12.0.0.0, Culture=neutral, PublicKeyToken=b03f5f7f11d50a3a" className="DATAFEED.Tests.Filter, DATAFEED.Tests, Version=1.0.0.0, Culture=neutral, PublicKeyToken=null" name="EmptyOperator" />
    </UnitTest>
    <UnitTest name="XmlAccept" storage=".\datafeed.tests\bin\dev\datafeed.tests.dll" id="a6ff9f4f-0e04-3546-5b70-3cf806bfb4a1">
      <Execution timeOut="1800000" id="f9773364-de91-4759-9083-0d6cd5bb2318" />
      <TestMethod codeBase="E:/Jenkins/workspace/DataEngine/DATAFEED.Tests/DATAFEED.Tests/bin/Dev/DATAFEED.Tests.dll" adapterTypeName="Microsoft.VisualStudio.TestTools.TestTypes.Unit.UnitTestAdapter, Microsoft.VisualStudio.QualityTools.Tips.UnitTest.Adapter, Version=12.0.0.0, Culture=neutral, PublicKeyToken=b03f5f7f11d50a3a" className="DATAFEED.Tests.HttpAccept, DATAFEED.Tests, Version=1.0.0.0, Culture=neutral, PublicKeyToken=null" name="XmlAccept" />
    </UnitTest>
    <UnitTest name="MultiSpaceWithS1AndS2" storage=".\datafeed.tests\bin\dev\datafeed.tests.dll" id="f9ea39a9-4fb4-3cc6-da43-1ef4d39320a6">
      <Execution timeOut="1800000" id="988871ed-6fb0-4c50-a947-b478d2c6a300" />
      <TestMethod codeBase="E:/Jenkins/workspace/DataEngine/DATAFEED.Tests/DATAFEED.Tests/bin/Dev/DATAFEED.Tests.dll" adapterTypeName="Microsoft.VisualStudio.TestTools.TestTypes.Unit.UnitTestAdapter, Microsoft.VisualStudio.QualityTools.Tips.UnitTest.Adapter, Version=12.0.0.0, Culture=neutral, PublicKeyToken=b03f5f7f11d50a3a" className="DATAFEED.Tests.MultiSpace, DATAFEED.Tests, Version=1.0.0.0, Culture=neutral, PublicKeyToken=null" name="MultiSpaceWithS1AndS2" />
    </UnitTest>
    <UnitTest name="MultiPeriodTRMixedAggregated" storage=".\datafeed.tests\bin\dev\datafeed.tests.dll" id="9cfacdca-c2dd-c298-2418-c0cbef7809c9">
      <Execution timeOut="1800000" id="ec0e0281-16fc-4319-acf5-4a82acbac045" />
      <TestMethod codeBase="E:/Jenkins/workspace/DataEngine/DATAFEED.Tests/DATAFEED.Tests/bin/Dev/DATAFEED.Tests.dll" adapterTypeName="Microsoft.VisualStudio.TestTools.TestTypes.Unit.UnitTestAdapter, Microsoft.VisualStudio.QualityTools.Tips.UnitTest.Adapter, Version=12.0.0.0, Culture=neutral, PublicKeyToken=b03f5f7f11d50a3a" className="DATAFEED.Tests.Period, DATAFEED.Tests, Version=1.0.0.0, Culture=neutral, PublicKeyToken=null" name="MultiPeriodTRMixedAggregated" />
    </UnitTest>
    <UnitTest name="Test_Sample500_MaxResult500_Page1" storage=".\datafeed.tests\bin\dev\datafeed.tests.dll" id="22873938-9955-e331-2647-46c891003c5d">
      <Execution timeOut="1800000" id="b479fc5e-2bfe-4c5b-996b-9829d1d21760" />
      <TestMethod codeBase="E:/Jenkins/workspace/DataEngine/DATAFEED.Tests/DATAFEED.Tests/bin/Dev/DATAFEED.Tests.dll" adapterTypeName="Microsoft.VisualStudio.TestTools.TestTypes.Unit.UnitTestAdapter, Microsoft.VisualStudio.QualityTools.Tips.UnitTest.Adapter, Version=12.0.0.0, Culture=neutral, PublicKeyToken=b03f5f7f11d50a3a" className="DATAFEED.Tests.Sample, DATAFEED.Tests, Version=1.0.0.0, Culture=neutral, PublicKeyToken=null" name="Test_Sample500_MaxResult500_Page1" />
    </UnitTest>
    <UnitTest name="ShortcodeNotValid" storage=".\datafeed.tests\bin\dev\datafeed.tests.dll" id="ce62874c-78cc-ba33-83e0-3c2f7e85bf48">
      <Execution timeOut="1800000" id="99c46554-d899-4166-b6bb-8fb42f6b0d5b" />
      <TestMethod codeBase="E:/Jenkins/workspace/DataEngine/DATAFEED.Tests/DATAFEED.Tests/bin/Dev/DATAFEED.Tests.dll" adapterTypeName="Microsoft.VisualStudio.TestTools.TestTypes.Unit.UnitTestAdapter, Microsoft.VisualStudio.QualityTools.Tips.UnitTest.Adapter, Version=12.0.0.0, Culture=neutral, PublicKeyToken=b03f5f7f11d50a3a" className="DATAFEED.Tests.Shortcode, DATAFEED.Tests, Version=1.0.0.0, Culture=neutral, PublicKeyToken=null" name="ShortcodeNotValid" />
    </UnitTest>
    <UnitTest name="CustomerTypeInt" storage=".\datafeed.tests\bin\dev\datafeed.tests.dll" id="36c9071a-3250-77e5-5582-07f967c7f6db">
      <Execution timeOut="1800000" id="4c0a5c6b-6e2f-41f6-a550-6848f6c872be" />
      <TestMethod codeBase="E:/Jenkins/workspace/DataEngine/DATAFEED.Tests/DATAFEED.Tests/bin/Dev/DATAFEED.Tests.dll" adapterTypeName="Microsoft.VisualStudio.TestTools.TestTypes.Unit.UnitTestAdapter, Microsoft.VisualStudio.QualityTools.Tips.UnitTest.Adapter, Version=12.0.0.0, Culture=neutral, PublicKeyToken=b03f5f7f11d50a3a" className="DATAFEED.Tests.CustomerType, DATAFEED.Tests, Version=1.0.0.0, Culture=neutral, PublicKeyToken=null" name="CustomerTypeInt" />
    </UnitTest>
    <UnitTest name="XmlRowCountMultispace" storage=".\datafeed.tests\bin\dev\datafeed.tests.dll" id="78ddfa7d-dd21-76fb-30e5-1dada229a2d4">
      <Execution timeOut="1800000" id="a29672a2-4d29-4be0-8fed-a7a92304cc67" />
      <TestMethod codeBase="E:/Jenkins/workspace/DataEngine/DATAFEED.Tests/DATAFEED.Tests/bin/Dev/DATAFEED.Tests.dll" adapterTypeName="Microsoft.VisualStudio.TestTools.TestTypes.Unit.UnitTestAdapter, Microsoft.VisualStudio.QualityTools.Tips.UnitTest.Adapter, Version=12.0.0.0, Culture=neutral, PublicKeyToken=b03f5f7f11d50a3a" className="DATAFEED.Tests.GetRowCount, DATAFEED.Tests, Version=1.0.0.0, Culture=neutral, PublicKeyToken=null" name="XmlRowCountMultispace" />
    </UnitTest>
    <UnitTest name="RatioSmart" storage=".\datafeed.tests\bin\dev\datafeed.tests.dll" id="48a4ad0b-e905-3835-c580-985b997b9011">
      <Execution timeOut="1800000" id="a651b3e8-68ae-41c7-9d11-8aff55201954" />
      <TestMethod codeBase="E:/Jenkins/workspace/DataEngine/DATAFEED.Tests/DATAFEED.Tests/bin/Dev/DATAFEED.Tests.dll" adapterTypeName="Microsoft.VisualStudio.TestTools.TestTypes.Unit.UnitTestAdapter, Microsoft.VisualStudio.QualityTools.Tips.UnitTest.Adapter, Version=12.0.0.0, Culture=neutral, PublicKeyToken=b03f5f7f11d50a3a" className="DATAFEED.Tests.SmartDfq, DATAFEED.Tests, Version=1.0.0.0, Culture=neutral, PublicKeyToken=null" name="RatioSmart" />
    </UnitTest>
    <UnitTest name="MultiPeriodP4P5P6Error" storage=".\datafeed.tests\bin\dev\datafeed.tests.dll" id="e6ce2b68-4e07-78f9-753a-be0288d4b5f3">
      <Execution timeOut="1800000" id="2f9260cc-798b-42bd-9931-8bbd33e14345" />
      <TestMethod codeBase="E:/Jenkins/workspace/DataEngine/DATAFEED.Tests/DATAFEED.Tests/bin/Dev/DATAFEED.Tests.dll" adapterTypeName="Microsoft.VisualStudio.TestTools.TestTypes.Unit.UnitTestAdapter, Microsoft.VisualStudio.QualityTools.Tips.UnitTest.Adapter, Version=12.0.0.0, Culture=neutral, PublicKeyToken=b03f5f7f11d50a3a" className="DATAFEED.Tests.Period, DATAFEED.Tests, Version=1.0.0.0, Culture=neutral, PublicKeyToken=null" name="MultiPeriodP4P5P6Error" />
    </UnitTest>
    <UnitTest name="MultiPeriodFilterBlacklist" storage=".\datafeed.tests\bin\dev\datafeed.tests.dll" id="8029eea1-13ff-2382-9560-8a9df3d15deb">
      <Execution timeOut="1800000" id="7a269f44-3aa0-4005-8180-235c0d18e822" />
      <TestMethod codeBase="E:/Jenkins/workspace/DataEngine/DATAFEED.Tests/DATAFEED.Tests/bin/Dev/DATAFEED.Tests.dll" adapterTypeName="Microsoft.VisualStudio.TestTools.TestTypes.Unit.UnitTestAdapter, Microsoft.VisualStudio.QualityTools.Tips.UnitTest.Adapter, Version=12.0.0.0, Culture=neutral, PublicKeyToken=b03f5f7f11d50a3a" className="DATAFEED.Tests.Filter, DATAFEED.Tests, Version=1.0.0.0, Culture=neutral, PublicKeyToken=null" name="MultiPeriodFilterBlacklist" />
    </UnitTest>
    <UnitTest name="UnknownSubkey" storage=".\datafeed.tests\bin\dev\datafeed.tests.dll" id="3a16aaf9-9f7b-e2a1-2ee4-2225643cab32">
      <Execution timeOut="1800000" id="73736e92-3a50-4ad9-80e1-93b64ac5c5db" />
      <TestMethod codeBase="E:/Jenkins/workspace/DataEngine/DATAFEED.Tests/DATAFEED.Tests/bin/Dev/DATAFEED.Tests.dll" adapterTypeName="Microsoft.VisualStudio.TestTools.TestTypes.Unit.UnitTestAdapter, Microsoft.VisualStudio.QualityTools.Tips.UnitTest.Adapter, Version=12.0.0.0, Culture=neutral, PublicKeyToken=b03f5f7f11d50a3a" className="DATAFEED.Tests.SiteLevel2, DATAFEED.Tests, Version=1.0.0.0, Culture=neutral, PublicKeyToken=null" name="UnknownSubkey" />
    </UnitTest>
    <UnitTest name="SimpleSmart" storage=".\datafeed.tests\bin\dev\datafeed.tests.dll" id="c41e44b5-34c8-4003-6d5f-5b91d52b9c30">
      <Execution timeOut="1800000" id="bc9238f1-f837-4e1d-9f7f-ac7b9c38a0ee" />
      <TestMethod codeBase="E:/Jenkins/workspace/DataEngine/DATAFEED.Tests/DATAFEED.Tests/bin/Dev/DATAFEED.Tests.dll" adapterTypeName="Microsoft.VisualStudio.TestTools.TestTypes.Unit.UnitTestAdapter, Microsoft.VisualStudio.QualityTools.Tips.UnitTest.Adapter, Version=12.0.0.0, Culture=neutral, PublicKeyToken=b03f5f7f11d50a3a" className="DATAFEED.Tests.SmartDfq, DATAFEED.Tests, Version=1.0.0.0, Culture=neutral, PublicKeyToken=null" name="SimpleSmart" />
    </UnitTest>
    <UnitTest name="MultiSpaceNamespaceForMetricsRequired" storage=".\datafeed.tests\bin\dev\datafeed.tests.dll" id="9dbf03b2-ffc4-e9b3-e64e-2976ab7e5b99">
      <Execution timeOut="1800000" id="ee7dfd11-a9a8-4fe0-9f4c-e56fb78efde0" />
      <TestMethod codeBase="E:/Jenkins/workspace/DataEngine/DATAFEED.Tests/DATAFEED.Tests/bin/Dev/DATAFEED.Tests.dll" adapterTypeName="Microsoft.VisualStudio.TestTools.TestTypes.Unit.UnitTestAdapter, Microsoft.VisualStudio.QualityTools.Tips.UnitTest.Adapter, Version=12.0.0.0, Culture=neutral, PublicKeyToken=b03f5f7f11d50a3a" className="DATAFEED.Tests.MultiSpace, DATAFEED.Tests, Version=1.0.0.0, Culture=neutral, PublicKeyToken=null" name="MultiSpaceNamespaceForMetricsRequired" />
    </UnitTest>
    <UnitTest name="SegmentDescUnknownKey" storage=".\datafeed.tests\bin\dev\datafeed.tests.dll" id="1a22e1f6-ac6b-5d51-116a-eeddc8a85c5d">
      <Execution timeOut="1800000" id="0e4e0fea-ad0a-4175-a51c-bed69ac503ec" />
      <TestMethod codeBase="E:/Jenkins/workspace/DataEngine/DATAFEED.Tests/DATAFEED.Tests/bin/Dev/DATAFEED.Tests.dll" adapterTypeName="Microsoft.VisualStudio.TestTools.TestTypes.Unit.UnitTestAdapter, Microsoft.VisualStudio.QualityTools.Tips.UnitTest.Adapter, Version=12.0.0.0, Culture=neutral, PublicKeyToken=b03f5f7f11d50a3a" className="DATAFEED.Tests.Segment, DATAFEED.Tests, Version=1.0.0.0, Culture=neutral, PublicKeyToken=null" name="SegmentDescUnknownKey" />
    </UnitTest>
    <UnitTest name="MetricContainsSegmentFalse" storage=".\datafeed.tests\bin\dev\datafeed.tests.dll" id="833106c1-ea61-df16-873b-09a2b6807dc0">
      <Execution timeOut="1800000" id="c00c49da-eaa4-4558-a3ab-74a1f21ef1b1" />
      <TestMethod codeBase="E:/Jenkins/workspace/DataEngine/DATAFEED.Tests/DATAFEED.Tests/bin/Dev/DATAFEED.Tests.dll" adapterTypeName="Microsoft.VisualStudio.TestTools.TestTypes.Unit.UnitTestAdapter, Microsoft.VisualStudio.QualityTools.Tips.UnitTest.Adapter, Version=12.0.0.0, Culture=neutral, PublicKeyToken=b03f5f7f11d50a3a" className="DATAFEED.Tests.CustomMetric, DATAFEED.Tests, Version=1.0.0.0, Culture=neutral, PublicKeyToken=null" name="MetricContainsSegmentFalse" />
    </UnitTest>
    <UnitTest name="MaxResultsLimitedTo30Elements" storage=".\datafeed.tests\bin\dev\datafeed.tests.dll" id="f0358ea5-202e-8884-35b8-140db2bd18f6">
      <Execution timeOut="1800000" id="f7e03494-9a6f-43b0-a9e8-382d74c0aa7c" />
      <TestMethod codeBase="E:/Jenkins/workspace/DataEngine/DATAFEED.Tests/DATAFEED.Tests/bin/Dev/DATAFEED.Tests.dll" adapterTypeName="Microsoft.VisualStudio.TestTools.TestTypes.Unit.UnitTestAdapter, Microsoft.VisualStudio.QualityTools.Tips.UnitTest.Adapter, Version=12.0.0.0, Culture=neutral, PublicKeyToken=b03f5f7f11d50a3a" className="DATAFEED.Tests.Arbo, DATAFEED.Tests, Version=1.0.0.0, Culture=neutral, PublicKeyToken=null" name="MaxResultsLimitedTo30Elements" />
    </UnitTest>
    <UnitTest name="TestSampleNotNumericError" storage=".\datafeed.tests\bin\dev\datafeed.tests.dll" id="44bb145b-ccb9-98f6-eab3-3e311c5c72b3">
      <Execution timeOut="1800000" id="0e08f04a-30fe-49c2-9a35-b7d81821a371" />
      <TestMethod codeBase="E:/Jenkins/workspace/DataEngine/DATAFEED.Tests/DATAFEED.Tests/bin/Dev/DATAFEED.Tests.dll" adapterTypeName="Microsoft.VisualStudio.TestTools.TestTypes.Unit.UnitTestAdapter, Microsoft.VisualStudio.QualityTools.Tips.UnitTest.Adapter, Version=12.0.0.0, Culture=neutral, PublicKeyToken=b03f5f7f11d50a3a" className="DATAFEED.Tests.Sample, DATAFEED.Tests, Version=1.0.0.0, Culture=neutral, PublicKeyToken=null" name="TestSampleNotNumericError" />
    </UnitTest>
    <UnitTest name="MultiSpaceOn3Sites" storage=".\datafeed.tests\bin\dev\datafeed.tests.dll" id="640a698d-813d-9953-1039-ed030e6fcf16">
      <Execution timeOut="1800000" id="37ada119-3ba1-4f32-94f5-11084238abe9" />
      <TestMethod codeBase="E:/Jenkins/workspace/DataEngine/DATAFEED.Tests/DATAFEED.Tests/bin/Dev/DATAFEED.Tests.dll" adapterTypeName="Microsoft.VisualStudio.TestTools.TestTypes.Unit.UnitTestAdapter, Microsoft.VisualStudio.QualityTools.Tips.UnitTest.Adapter, Version=12.0.0.0, Culture=neutral, PublicKeyToken=b03f5f7f11d50a3a" className="DATAFEED.Tests.MultiSpace, DATAFEED.Tests, Version=1.0.0.0, Culture=neutral, PublicKeyToken=null" name="MultiSpaceOn3Sites" />
    </UnitTest>
    <UnitTest name="IncorrectSyntaxInSub" storage=".\datafeed.tests\bin\dev\datafeed.tests.dll" id="d0911bd2-c23e-32a5-9478-9537f1914819">
      <Execution timeOut="1800000" id="cdfcbb3d-f3e8-4070-a25f-a68b634c1f5b" />
      <TestMethod codeBase="E:/Jenkins/workspace/DataEngine/DATAFEED.Tests/DATAFEED.Tests/bin/Dev/DATAFEED.Tests.dll" adapterTypeName="Microsoft.VisualStudio.TestTools.TestTypes.Unit.UnitTestAdapter, Microsoft.VisualStudio.QualityTools.Tips.UnitTest.Adapter, Version=12.0.0.0, Culture=neutral, PublicKeyToken=b03f5f7f11d50a3a" className="DATAFEED.Tests.Arbo, DATAFEED.Tests, Version=1.0.0.0, Culture=neutral, PublicKeyToken=null" name="IncorrectSyntaxInSub" />
    </UnitTest>
    <UnitTest name="ExcelAccept" storage=".\datafeed.tests\bin\dev\datafeed.tests.dll" id="f7c65aa7-6092-eadc-2de8-d2171507dce7">
      <Execution timeOut="1800000" id="708b6d3b-8d8b-4c58-b205-6a08c7ba41b8" />
      <TestMethod codeBase="E:/Jenkins/workspace/DataEngine/DATAFEED.Tests/DATAFEED.Tests/bin/Dev/DATAFEED.Tests.dll" adapterTypeName="Microsoft.VisualStudio.TestTools.TestTypes.Unit.UnitTestAdapter, Microsoft.VisualStudio.QualityTools.Tips.UnitTest.Adapter, Version=12.0.0.0, Culture=neutral, PublicKeyToken=b03f5f7f11d50a3a" className="DATAFEED.Tests.HttpAccept, DATAFEED.Tests, Version=1.0.0.0, Culture=neutral, PublicKeyToken=null" name="ExcelAccept" />
    </UnitTest>
    <UnitTest name="SegmentDescPeriodWithNoSegmentId" storage=".\datafeed.tests\bin\dev\datafeed.tests.dll" id="60260335-b789-1d16-55d7-b349e8c55200">
      <Execution timeOut="1800000" id="11ea8190-49d4-47c7-aaed-ca4e4e5b0b36" />
      <TestMethod codeBase="E:/Jenkins/workspace/DataEngine/DATAFEED.Tests/DATAFEED.Tests/bin/Dev/DATAFEED.Tests.dll" adapterTypeName="Microsoft.VisualStudio.TestTools.TestTypes.Unit.UnitTestAdapter, Microsoft.VisualStudio.QualityTools.Tips.UnitTest.Adapter, Version=12.0.0.0, Culture=neutral, PublicKeyToken=b03f5f7f11d50a3a" className="DATAFEED.Tests.Segment, DATAFEED.Tests, Version=1.0.0.0, Culture=neutral, PublicKeyToken=null" name="SegmentDescPeriodWithNoSegmentId" />
    </UnitTest>
    <UnitTest name="ArboMaxResultsZero" storage=".\datafeed.tests\bin\dev\datafeed.tests.dll" id="3c0db3db-7f61-ea66-653f-0fc0da8ea045">
      <Execution timeOut="1800000" id="679ca73e-f897-41d7-9b0f-a949c4c79f08" />
      <TestMethod codeBase="E:/Jenkins/workspace/DataEngine/DATAFEED.Tests/DATAFEED.Tests/bin/Dev/DATAFEED.Tests.dll" adapterTypeName="Microsoft.VisualStudio.TestTools.TestTypes.Unit.UnitTestAdapter, Microsoft.VisualStudio.QualityTools.Tips.UnitTest.Adapter, Version=12.0.0.0, Culture=neutral, PublicKeyToken=b03f5f7f11d50a3a" className="DATAFEED.Tests.MaxResultsZero, DATAFEED.Tests, Version=1.0.0.0, Culture=neutral, PublicKeyToken=null" name="ArboMaxResultsZero" />
    </UnitTest>
    <UnitTest name="VariationMultiPeriod" storage=".\datafeed.tests\bin\dev\datafeed.tests.dll" id="bbc0e239-45a8-7070-cb16-866c4b866b01">
      <Execution timeOut="1800000" id="9d1655d5-5321-4ffa-9656-414cb92f90b3" />
      <TestMethod codeBase="E:/Jenkins/workspace/DataEngine/DATAFEED.Tests/DATAFEED.Tests/bin/Dev/DATAFEED.Tests.dll" adapterTypeName="Microsoft.VisualStudio.TestTools.TestTypes.Unit.UnitTestAdapter, Microsoft.VisualStudio.QualityTools.Tips.UnitTest.Adapter, Version=12.0.0.0, Culture=neutral, PublicKeyToken=b03f5f7f11d50a3a" className="DATAFEED.Tests.Variation, DATAFEED.Tests, Version=1.0.0.0, Culture=neutral, PublicKeyToken=null" name="VariationMultiPeriod" />
    </UnitTest>
    <UnitTest name="IdOperator" storage=".\datafeed.tests\bin\dev\datafeed.tests.dll" id="be299b7d-9ab2-a80f-2788-97dab1e98fca">
      <Execution timeOut="1800000" id="e62a7fe2-5c0e-44ce-8d2c-9e2f06f44cb0" />
      <TestMethod codeBase="E:/Jenkins/workspace/DataEngine/DATAFEED.Tests/DATAFEED.Tests/bin/Dev/DATAFEED.Tests.dll" adapterTypeName="Microsoft.VisualStudio.TestTools.TestTypes.Unit.UnitTestAdapter, Microsoft.VisualStudio.QualityTools.Tips.UnitTest.Adapter, Version=12.0.0.0, Culture=neutral, PublicKeyToken=b03f5f7f11d50a3a" className="DATAFEED.Tests.Filter, DATAFEED.Tests, Version=1.0.0.0, Culture=neutral, PublicKeyToken=null" name="IdOperator" />
    </UnitTest>
    <UnitTest name="PostGetData" storage=".\datafeed.tests\bin\dev\datafeed.tests.dll" id="5c7888d1-b281-8fcb-c189-fbea0ca00aa9">
      <Execution timeOut="1800000" id="e5678069-4937-4d46-90b2-79b5ab5c72c6" />
      <TestMethod codeBase="E:/Jenkins/workspace/DataEngine/DATAFEED.Tests/DATAFEED.Tests/bin/Dev/DATAFEED.Tests.dll" adapterTypeName="Microsoft.VisualStudio.TestTools.TestTypes.Unit.UnitTestAdapter, Microsoft.VisualStudio.QualityTools.Tips.UnitTest.Adapter, Version=12.0.0.0, Culture=neutral, PublicKeyToken=b03f5f7f11d50a3a" className="DATAFEED.Tests.PostUrl, DATAFEED.Tests, Version=1.0.0.0, Culture=neutral, PublicKeyToken=null" name="PostGetData" />
    </UnitTest>
    <UnitTest name="ErrorLtOperator" storage=".\datafeed.tests\bin\dev\datafeed.tests.dll" id="2b6d9dc8-0ffc-2d12-00ae-bacbec22bde1">
      <Execution timeOut="1800000" id="cd8e8061-eea9-4fc0-9073-3ca8fbc86df5" />
      <TestMethod codeBase="E:/Jenkins/workspace/DataEngine/DATAFEED.Tests/DATAFEED.Tests/bin/Dev/DATAFEED.Tests.dll" adapterTypeName="Microsoft.VisualStudio.TestTools.TestTypes.Unit.UnitTestAdapter, Microsoft.VisualStudio.QualityTools.Tips.UnitTest.Adapter, Version=12.0.0.0, Culture=neutral, PublicKeyToken=b03f5f7f11d50a3a" className="DATAFEED.Tests.Filter, DATAFEED.Tests, Version=1.0.0.0, Culture=neutral, PublicKeyToken=null" name="ErrorLtOperator" />
    </UnitTest>
    <UnitTest name="ShortcodeIqy" storage=".\datafeed.tests\bin\dev\datafeed.tests.dll" id="1e99aa4f-0051-a999-09e4-d88ea6ec8e41">
      <Execution timeOut="1800000" id="8dbc610e-959b-4e11-a1dc-0194cad69116" />
      <TestMethod codeBase="E:/Jenkins/workspace/DataEngine/DATAFEED.Tests/DATAFEED.Tests/bin/Dev/DATAFEED.Tests.dll" adapterTypeName="Microsoft.VisualStudio.TestTools.TestTypes.Unit.UnitTestAdapter, Microsoft.VisualStudio.QualityTools.Tips.UnitTest.Adapter, Version=12.0.0.0, Culture=neutral, PublicKeyToken=b03f5f7f11d50a3a" className="DATAFEED.Tests.IqyAlias, DATAFEED.Tests, Version=1.0.0.0, Culture=neutral, PublicKeyToken=null" name="ShortcodeIqy" />
    </UnitTest>
    <UnitTest name="English" storage=".\datafeed.tests\bin\dev\datafeed.tests.dll" id="61716488-f988-2969-b204-118bfd6b5fd9">
      <Execution timeOut="1800000" id="fa4f93ef-c542-4716-9691-eeb925768b5f" />
      <TestMethod codeBase="E:/Jenkins/workspace/DataEngine/DATAFEED.Tests/DATAFEED.Tests/bin/Dev/DATAFEED.Tests.dll" adapterTypeName="Microsoft.VisualStudio.TestTools.TestTypes.Unit.UnitTestAdapter, Microsoft.VisualStudio.QualityTools.Tips.UnitTest.Adapter, Version=12.0.0.0, Culture=neutral, PublicKeyToken=b03f5f7f11d50a3a" className="DATAFEED.Tests.Language, DATAFEED.Tests, Version=1.0.0.0, Culture=neutral, PublicKeyToken=null" name="English" />
    </UnitTest>
    <UnitTest name="BridgeIqy" storage=".\datafeed.tests\bin\dev\datafeed.tests.dll" id="0a0e1ed0-9b63-71fc-728f-3bfac7672832">
      <Execution timeOut="1800000" id="ddcdb030-f529-465d-a727-b4ae2509ba80" />
      <TestMethod codeBase="E:/Jenkins/workspace/DataEngine/DATAFEED.Tests/DATAFEED.Tests/bin/Dev/DATAFEED.Tests.dll" adapterTypeName="Microsoft.VisualStudio.TestTools.TestTypes.Unit.UnitTestAdapter, Microsoft.VisualStudio.QualityTools.Tips.UnitTest.Adapter, Version=12.0.0.0, Culture=neutral, PublicKeyToken=b03f5f7f11d50a3a" className="DATAFEED.Tests.IqyAlias, DATAFEED.Tests, Version=1.0.0.0, Culture=neutral, PublicKeyToken=null" name="BridgeIqy" />
    </UnitTest>
    <UnitTest name="FilterSingleQuote" storage=".\datafeed.tests\bin\dev\datafeed.tests.dll" id="ebef976f-c681-a80d-4459-0699a255c44b">
      <Execution timeOut="1800000" id="6d78508c-519e-4b04-af3f-f4abf294ed45" />
      <TestMethod codeBase="E:/Jenkins/workspace/DataEngine/DATAFEED.Tests/DATAFEED.Tests/bin/Dev/DATAFEED.Tests.dll" adapterTypeName="Microsoft.VisualStudio.TestTools.TestTypes.Unit.UnitTestAdapter, Microsoft.VisualStudio.QualityTools.Tips.UnitTest.Adapter, Version=12.0.0.0, Culture=neutral, PublicKeyToken=b03f5f7f11d50a3a" className="DATAFEED.Tests.Filter, DATAFEED.Tests, Version=1.0.0.0, Culture=neutral, PublicKeyToken=null" name="FilterSingleQuote" />
    </UnitTest>
    <UnitTest name="LevelIsStandalone" storage=".\datafeed.tests\bin\dev\datafeed.tests.dll" id="68c59b8f-c663-f124-b99f-797bab4e10e9">
      <Execution timeOut="1800000" id="39b2b747-5456-4c0a-9046-64583c47db80" />
      <TestMethod codeBase="E:/Jenkins/workspace/DataEngine/DATAFEED.Tests/DATAFEED.Tests/bin/Dev/DATAFEED.Tests.dll" adapterTypeName="Microsoft.VisualStudio.TestTools.TestTypes.Unit.UnitTestAdapter, Microsoft.VisualStudio.QualityTools.Tips.UnitTest.Adapter, Version=12.0.0.0, Culture=neutral, PublicKeyToken=b03f5f7f11d50a3a" className="DATAFEED.Tests.Period, DATAFEED.Tests, Version=1.0.0.0, Culture=neutral, PublicKeyToken=null" name="LevelIsStandalone" />
    </UnitTest>
    <UnitTest name="HtmlAccept" storage=".\datafeed.tests\bin\dev\datafeed.tests.dll" id="210104b2-a616-921e-2afb-452e885def58">
      <Execution timeOut="1800000" id="30762880-e1d3-41e3-8321-ac0e33488030" />
      <TestMethod codeBase="E:/Jenkins/workspace/DataEngine/DATAFEED.Tests/DATAFEED.Tests/bin/Dev/DATAFEED.Tests.dll" adapterTypeName="Microsoft.VisualStudio.TestTools.TestTypes.Unit.UnitTestAdapter, Microsoft.VisualStudio.QualityTools.Tips.UnitTest.Adapter, Version=12.0.0.0, Culture=neutral, PublicKeyToken=b03f5f7f11d50a3a" className="DATAFEED.Tests.HttpAccept, DATAFEED.Tests, Version=1.0.0.0, Culture=neutral, PublicKeyToken=null" name="HtmlAccept" />
    </UnitTest>
    <UnitTest name="JsonManyL2sWithFullSite" storage=".\datafeed.tests\bin\dev\datafeed.tests.dll" id="8e2043dc-4fc0-2f85-ab9f-db2f3df54506">
      <Execution timeOut="1800000" id="4840111c-5a60-4d98-bf12-1922cccd9473" />
      <TestMethod codeBase="E:/Jenkins/workspace/DataEngine/DATAFEED.Tests/DATAFEED.Tests/bin/Dev/DATAFEED.Tests.dll" adapterTypeName="Microsoft.VisualStudio.TestTools.TestTypes.Unit.UnitTestAdapter, Microsoft.VisualStudio.QualityTools.Tips.UnitTest.Adapter, Version=12.0.0.0, Culture=neutral, PublicKeyToken=b03f5f7f11d50a3a" className="DATAFEED.Tests.SiteLevel2, DATAFEED.Tests, Version=1.0.0.0, Culture=neutral, PublicKeyToken=null" name="JsonManyL2sWithFullSite" />
    </UnitTest>
    <UnitTest name="TestOrderAscTimeMonth" storage=".\datafeed.tests\bin\dev\datafeed.tests.dll" id="c44f50cf-7430-ef75-a2e6-49c919451362">
      <Execution timeOut="1800000" id="ff903441-d0c8-46a4-8fd9-76b63f99f09c" />
      <TestMethod codeBase="E:/Jenkins/workspace/DataEngine/DATAFEED.Tests/DATAFEED.Tests/bin/Dev/DATAFEED.Tests.dll" adapterTypeName="Microsoft.VisualStudio.TestTools.TestTypes.Unit.UnitTestAdapter, Microsoft.VisualStudio.QualityTools.Tips.UnitTest.Adapter, Version=12.0.0.0, Culture=neutral, PublicKeyToken=b03f5f7f11d50a3a" className="DATAFEED.Tests.Arbo, DATAFEED.Tests, Version=1.0.0.0, Culture=neutral, PublicKeyToken=null" name="TestOrderAscTimeMonth" />
    </UnitTest>
    <UnitTest name="BilanMultiSiteMultiPeriod" storage=".\datafeed.tests\bin\dev\datafeed.tests.dll" id="c46ddaf7-24db-e08c-b5e0-66f0f0f06f20">
      <Execution timeOut="1800000" id="0a7a91ed-fa8d-45ea-91bd-a3fd3449e53e" />
      <TestMethod codeBase="E:/Jenkins/workspace/DataEngine/DATAFEED.Tests/DATAFEED.Tests/bin/Dev/DATAFEED.Tests.dll" adapterTypeName="Microsoft.VisualStudio.TestTools.TestTypes.Unit.UnitTestAdapter, Microsoft.VisualStudio.QualityTools.Tips.UnitTest.Adapter, Version=12.0.0.0, Culture=neutral, PublicKeyToken=b03f5f7f11d50a3a" className="DATAFEED.Tests.SmartcacheDesc, DATAFEED.Tests, Version=1.0.0.0, Culture=neutral, PublicKeyToken=null" name="BilanMultiSiteMultiPeriod" />
    </UnitTest>
    <UnitTest name="CheckGroupN2Forbidden" storage=".\datafeed.tests\bin\dev\datafeed.tests.dll" id="8bbc1aa7-edf9-6d25-c0a8-3bd0a7b17b2b">
      <Execution timeOut="1800000" id="f4bfc479-65fe-4cd4-9608-aea293bf3ca0" />
      <TestMethod codeBase="E:/Jenkins/workspace/DataEngine/DATAFEED.Tests/DATAFEED.Tests/bin/Dev/DATAFEED.Tests.dll" adapterTypeName="Microsoft.VisualStudio.TestTools.TestTypes.Unit.UnitTestAdapter, Microsoft.VisualStudio.QualityTools.Tips.UnitTest.Adapter, Version=12.0.0.0, Culture=neutral, PublicKeyToken=b03f5f7f11d50a3a" className="DATAFEED.Tests.SiteGroup, DATAFEED.Tests, Version=1.0.0.0, Culture=neutral, PublicKeyToken=null" name="CheckGroupN2Forbidden" />
    </UnitTest>
    <UnitTest name="MultiSpaceFilterOnlyOnS1" storage=".\datafeed.tests\bin\dev\datafeed.tests.dll" id="6facb6f3-8c7e-92e9-acca-c6dc142f304a">
      <Execution timeOut="1800000" id="f0407555-ea97-4847-bee5-b1adb1f257dc" />
      <TestMethod codeBase="E:/Jenkins/workspace/DataEngine/DATAFEED.Tests/DATAFEED.Tests/bin/Dev/DATAFEED.Tests.dll" adapterTypeName="Microsoft.VisualStudio.TestTools.TestTypes.Unit.UnitTestAdapter, Microsoft.VisualStudio.QualityTools.Tips.UnitTest.Adapter, Version=12.0.0.0, Culture=neutral, PublicKeyToken=b03f5f7f11d50a3a" className="DATAFEED.Tests.MultiSpace, DATAFEED.Tests, Version=1.0.0.0, Culture=neutral, PublicKeyToken=null" name="MultiSpaceFilterOnlyOnS1" />
    </UnitTest>
    <UnitTest name="IncorrectSyntaxInPeriod" storage=".\datafeed.tests\bin\dev\datafeed.tests.dll" id="0f01b899-5d0e-e0ce-9e9f-88fcf1b63ea2">
      <Execution timeOut="1800000" id="aeda0f87-eb11-4b2b-8bd1-61788c9dd99c" />
      <TestMethod codeBase="E:/Jenkins/workspace/DataEngine/DATAFEED.Tests/DATAFEED.Tests/bin/Dev/DATAFEED.Tests.dll" adapterTypeName="Microsoft.VisualStudio.TestTools.TestTypes.Unit.UnitTestAdapter, Microsoft.VisualStudio.QualityTools.Tips.UnitTest.Adapter, Version=12.0.0.0, Culture=neutral, PublicKeyToken=b03f5f7f11d50a3a" className="DATAFEED.Tests.Period, DATAFEED.Tests, Version=1.0.0.0, Culture=neutral, PublicKeyToken=null" name="IncorrectSyntaxInPeriod" />
    </UnitTest>
    <UnitTest name="CustomerTypeEvo" storage=".\datafeed.tests\bin\dev\datafeed.tests.dll" id="e8851701-56c5-9fb1-77a8-5ef3e1f54f96">
      <Execution timeOut="1800000" id="f5808381-de35-4265-a0e2-62045e205543" />
      <TestMethod codeBase="E:/Jenkins/workspace/DataEngine/DATAFEED.Tests/DATAFEED.Tests/bin/Dev/DATAFEED.Tests.dll" adapterTypeName="Microsoft.VisualStudio.TestTools.TestTypes.Unit.UnitTestAdapter, Microsoft.VisualStudio.QualityTools.Tips.UnitTest.Adapter, Version=12.0.0.0, Culture=neutral, PublicKeyToken=b03f5f7f11d50a3a" className="DATAFEED.Tests.CustomerType, DATAFEED.Tests, Version=1.0.0.0, Culture=neutral, PublicKeyToken=null" name="CustomerTypeEvo" />
    </UnitTest>
    <UnitTest name="TestSampleClassic" storage=".\datafeed.tests\bin\dev\datafeed.tests.dll" id="25804d11-3d3f-3f66-210e-f65db598142f">
      <Execution timeOut="1800000" id="7b10ace0-35db-4267-9cb1-b6af8f33090a" />
      <TestMethod codeBase="E:/Jenkins/workspace/DataEngine/DATAFEED.Tests/DATAFEED.Tests/bin/Dev/DATAFEED.Tests.dll" adapterTypeName="Microsoft.VisualStudio.TestTools.TestTypes.Unit.UnitTestAdapter, Microsoft.VisualStudio.QualityTools.Tips.UnitTest.Adapter, Version=12.0.0.0, Culture=neutral, PublicKeyToken=b03f5f7f11d50a3a" className="DATAFEED.Tests.Sample, DATAFEED.Tests, Version=1.0.0.0, Culture=neutral, PublicKeyToken=null" name="TestSampleClassic" />
    </UnitTest>
    <UnitTest name="IncompatibleDimensionAndMetric" storage=".\datafeed.tests\bin\dev\datafeed.tests.dll" id="87b2ab98-5953-407f-b2cb-de7a07cda1f3">
      <Execution timeOut="1800000" id="378e3347-40c5-4c57-b96c-ea3e268bfe9b" />
      <TestMethod codeBase="E:/Jenkins/workspace/DataEngine/DATAFEED.Tests/DATAFEED.Tests/bin/Dev/DATAFEED.Tests.dll" adapterTypeName="Microsoft.VisualStudio.TestTools.TestTypes.Unit.UnitTestAdapter, Microsoft.VisualStudio.QualityTools.Tips.UnitTest.Adapter, Version=12.0.0.0, Culture=neutral, PublicKeyToken=b03f5f7f11d50a3a" className="DATAFEED.Tests.Arbo, DATAFEED.Tests, Version=1.0.0.0, Culture=neutral, PublicKeyToken=null" name="IncompatibleDimensionAndMetric" />
    </UnitTest>
    <UnitTest name="TestEvoCase5" storage=".\datafeed.tests\bin\dev\datafeed.tests.dll" id="54b2617f-b617-8a95-04e9-7efbae61cb20">
      <Execution timeOut="1800000" id="c387b07c-ea90-4dd3-8c1e-54ef4bc9a180" />
      <TestMethod codeBase="E:/Jenkins/workspace/DataEngine/DATAFEED.Tests/DATAFEED.Tests/bin/Dev/DATAFEED.Tests.dll" adapterTypeName="Microsoft.VisualStudio.TestTools.TestTypes.Unit.UnitTestAdapter, Microsoft.VisualStudio.QualityTools.Tips.UnitTest.Adapter, Version=12.0.0.0, Culture=neutral, PublicKeyToken=b03f5f7f11d50a3a" className="DATAFEED.Tests.Evolution, DATAFEED.Tests, Version=1.0.0.0, Culture=neutral, PublicKeyToken=null" name="TestEvoCase5" />
    </UnitTest>
    <UnitTest name="Period45DaysLimit" storage=".\datafeed.tests\bin\dev\datafeed.tests.dll" id="8f5e6886-8c39-a7d2-ff6a-3c6dc05c7ceb">
      <Execution timeOut="1800000" id="636b1541-f6ad-47ac-9f22-b30c3923d686" />
      <TestMethod codeBase="E:/Jenkins/workspace/DataEngine/DATAFEED.Tests/DATAFEED.Tests/bin/Dev/DATAFEED.Tests.dll" adapterTypeName="Microsoft.VisualStudio.TestTools.TestTypes.Unit.UnitTestAdapter, Microsoft.VisualStudio.QualityTools.Tips.UnitTest.Adapter, Version=12.0.0.0, Culture=neutral, PublicKeyToken=b03f5f7f11d50a3a" className="DATAFEED.Tests.Period, DATAFEED.Tests, Version=1.0.0.0, Culture=neutral, PublicKeyToken=null" name="Period45DaysLimit" />
    </UnitTest>
    <UnitTest name="MultiPeriodSiteLevel2" storage=".\datafeed.tests\bin\dev\datafeed.tests.dll" id="0b1af393-a587-b46e-4dca-07787b25f333">
      <Execution timeOut="1800000" id="080e6dcc-d9e4-431c-a430-67e4ee680aca" />
      <TestMethod codeBase="E:/Jenkins/workspace/DataEngine/DATAFEED.Tests/DATAFEED.Tests/bin/Dev/DATAFEED.Tests.dll" adapterTypeName="Microsoft.VisualStudio.TestTools.TestTypes.Unit.UnitTestAdapter, Microsoft.VisualStudio.QualityTools.Tips.UnitTest.Adapter, Version=12.0.0.0, Culture=neutral, PublicKeyToken=b03f5f7f11d50a3a" className="DATAFEED.Tests.SiteLevel2, DATAFEED.Tests, Version=1.0.0.0, Culture=neutral, PublicKeyToken=null" name="MultiPeriodSiteLevel2" />
    </UnitTest>
    <UnitTest name="JsonRowCountSampleFirst" storage=".\datafeed.tests\bin\dev\datafeed.tests.dll" id="b1e3b06d-8661-9ebb-522f-fe3658261d52">
      <Execution timeOut="1800000" id="5828691d-58aa-4772-94a6-fd6ea1438a57" />
      <TestMethod codeBase="E:/Jenkins/workspace/DataEngine/DATAFEED.Tests/DATAFEED.Tests/bin/Dev/DATAFEED.Tests.dll" adapterTypeName="Microsoft.VisualStudio.TestTools.TestTypes.Unit.UnitTestAdapter, Microsoft.VisualStudio.QualityTools.Tips.UnitTest.Adapter, Version=12.0.0.0, Culture=neutral, PublicKeyToken=b03f5f7f11d50a3a" className="DATAFEED.Tests.GetRowCount, DATAFEED.Tests, Version=1.0.0.0, Culture=neutral, PublicKeyToken=null" name="JsonRowCountSampleFirst" />
    </UnitTest>
    <UnitTest name="MultiPeriodIncompatibleWithEvolution" storage=".\datafeed.tests\bin\dev\datafeed.tests.dll" id="38c0f502-8aa1-d823-2e86-8ea30f5f5cfc">
      <Execution timeOut="1800000" id="008c4f17-c1c1-4694-a352-38be6cecd68d" />
      <TestMethod codeBase="E:/Jenkins/workspace/DataEngine/DATAFEED.Tests/DATAFEED.Tests/bin/Dev/DATAFEED.Tests.dll" adapterTypeName="Microsoft.VisualStudio.TestTools.TestTypes.Unit.UnitTestAdapter, Microsoft.VisualStudio.QualityTools.Tips.UnitTest.Adapter, Version=12.0.0.0, Culture=neutral, PublicKeyToken=b03f5f7f11d50a3a" className="DATAFEED.Tests.Arbo, DATAFEED.Tests, Version=1.0.0.0, Culture=neutral, PublicKeyToken=null" name="MultiPeriodIncompatibleWithEvolution" />
    </UnitTest>
    <UnitTest name="EvoSiteLevel2" storage=".\datafeed.tests\bin\dev\datafeed.tests.dll" id="167da569-5edb-8ed2-e50a-198b199b5930">
      <Execution timeOut="1800000" id="b291451b-7503-4e60-9176-56e3fd3b7dd3" />
      <TestMethod codeBase="E:/Jenkins/workspace/DataEngine/DATAFEED.Tests/DATAFEED.Tests/bin/Dev/DATAFEED.Tests.dll" adapterTypeName="Microsoft.VisualStudio.TestTools.TestTypes.Unit.UnitTestAdapter, Microsoft.VisualStudio.QualityTools.Tips.UnitTest.Adapter, Version=12.0.0.0, Culture=neutral, PublicKeyToken=b03f5f7f11d50a3a" className="DATAFEED.Tests.SiteLevel2, DATAFEED.Tests, Version=1.0.0.0, Culture=neutral, PublicKeyToken=null" name="EvoSiteLevel2" />
    </UnitTest>
    <UnitTest name="ExtractMultiSpace" storage=".\datafeed.tests\bin\dev\datafeed.tests.dll" id="e266222c-8314-2d2a-3959-cb93e1f8b78a">
      <Execution timeOut="1800000" id="8ec942a8-93be-4e56-a2ab-7ed06bbc1039" />
      <TestMethod codeBase="E:/Jenkins/workspace/DataEngine/DATAFEED.Tests/DATAFEED.Tests/bin/Dev/DATAFEED.Tests.dll" adapterTypeName="Microsoft.VisualStudio.TestTools.TestTypes.Unit.UnitTestAdapter, Microsoft.VisualStudio.QualityTools.Tips.UnitTest.Adapter, Version=12.0.0.0, Culture=neutral, PublicKeyToken=b03f5f7f11d50a3a" className="DATAFEED.Tests.Extract, DATAFEED.Tests, Version=1.0.0.0, Culture=neutral, PublicKeyToken=null" name="ExtractMultiSpace" />
    </UnitTest>
    <UnitTest name="NotlkwOperator" storage=".\datafeed.tests\bin\dev\datafeed.tests.dll" id="f18e72f2-d050-19ca-a06a-066528f417cd">
      <Execution timeOut="1800000" id="aeca41c4-0227-4523-8994-7401b48337c8" />
      <TestMethod codeBase="E:/Jenkins/workspace/DataEngine/DATAFEED.Tests/DATAFEED.Tests/bin/Dev/DATAFEED.Tests.dll" adapterTypeName="Microsoft.VisualStudio.TestTools.TestTypes.Unit.UnitTestAdapter, Microsoft.VisualStudio.QualityTools.Tips.UnitTest.Adapter, Version=12.0.0.0, Culture=neutral, PublicKeyToken=b03f5f7f11d50a3a" className="DATAFEED.Tests.Filter, DATAFEED.Tests, Version=1.0.0.0, Culture=neutral, PublicKeyToken=null" name="NotlkwOperator" />
    </UnitTest>
    <UnitTest name="ManyL2sWithFullSite" storage=".\datafeed.tests\bin\dev\datafeed.tests.dll" id="a7d18129-47d6-464e-f3cb-af0270a665b8">
      <Execution timeOut="1800000" id="427ed543-ce95-4f6c-90be-e79f92ba21f9" />
      <TestMethod codeBase="E:/Jenkins/workspace/DataEngine/DATAFEED.Tests/DATAFEED.Tests/bin/Dev/DATAFEED.Tests.dll" adapterTypeName="Microsoft.VisualStudio.TestTools.TestTypes.Unit.UnitTestAdapter, Microsoft.VisualStudio.QualityTools.Tips.UnitTest.Adapter, Version=12.0.0.0, Culture=neutral, PublicKeyToken=b03f5f7f11d50a3a" className="DATAFEED.Tests.SiteLevel2, DATAFEED.Tests, Version=1.0.0.0, Culture=neutral, PublicKeyToken=null" name="ManyL2sWithFullSite" />
    </UnitTest>
    <UnitTest name="FilterMetricRegex" storage=".\datafeed.tests\bin\dev\datafeed.tests.dll" id="47fd3023-08ab-489a-570b-8b7bef20e7bb">
      <Execution timeOut="1800000" id="cb595243-c690-474a-889c-4d790e810c26" />
      <TestMethod codeBase="E:/Jenkins/workspace/DataEngine/DATAFEED.Tests/DATAFEED.Tests/bin/Dev/DATAFEED.Tests.dll" adapterTypeName="Microsoft.VisualStudio.TestTools.TestTypes.Unit.UnitTestAdapter, Microsoft.VisualStudio.QualityTools.Tips.UnitTest.Adapter, Version=12.0.0.0, Culture=neutral, PublicKeyToken=b03f5f7f11d50a3a" className="DATAFEED.Tests.Filter, DATAFEED.Tests, Version=1.0.0.0, Culture=neutral, PublicKeyToken=null" name="FilterMetricRegex" />
    </UnitTest>
    <UnitTest name="VariationBounceRateTest" storage=".\datafeed.tests\bin\dev\datafeed.tests.dll" id="5260bf72-a697-4987-f679-6778e151d3cf">
      <Execution timeOut="1800000" id="7256229a-f020-4009-bff0-37b23f7dade9" />
      <TestMethod codeBase="E:/Jenkins/workspace/DataEngine/DATAFEED.Tests/DATAFEED.Tests/bin/Dev/DATAFEED.Tests.dll" adapterTypeName="Microsoft.VisualStudio.TestTools.TestTypes.Unit.UnitTestAdapter, Microsoft.VisualStudio.QualityTools.Tips.UnitTest.Adapter, Version=12.0.0.0, Culture=neutral, PublicKeyToken=b03f5f7f11d50a3a" className="DATAFEED.Tests.Variation, DATAFEED.Tests, Version=1.0.0.0, Culture=neutral, PublicKeyToken=null" name="VariationBounceRateTest" />
    </UnitTest>
    <UnitTest name="IncorrectDimensionNameInSub" storage=".\datafeed.tests\bin\dev\datafeed.tests.dll" id="0a05bc37-7508-66d6-f904-f939c6a3940c">
      <Execution timeOut="1800000" id="d1f081d4-3fe3-4fd3-b015-90204374a51f" />
      <TestMethod codeBase="E:/Jenkins/workspace/DataEngine/DATAFEED.Tests/DATAFEED.Tests/bin/Dev/DATAFEED.Tests.dll" adapterTypeName="Microsoft.VisualStudio.TestTools.TestTypes.Unit.UnitTestAdapter, Microsoft.VisualStudio.QualityTools.Tips.UnitTest.Adapter, Version=12.0.0.0, Culture=neutral, PublicKeyToken=b03f5f7f11d50a3a" className="DATAFEED.Tests.Arbo, DATAFEED.Tests, Version=1.0.0.0, Culture=neutral, PublicKeyToken=null" name="IncorrectDimensionNameInSub" />
    </UnitTest>
    <UnitTest name="OnlyOneSubInColumns" storage=".\datafeed.tests\bin\dev\datafeed.tests.dll" id="fc435077-5744-fc6a-aed8-20269a69fda5">
      <Execution timeOut="1800000" id="875c25c5-c902-4a33-a634-2ad247717d7a" />
      <TestMethod codeBase="E:/Jenkins/workspace/DataEngine/DATAFEED.Tests/DATAFEED.Tests/bin/Dev/DATAFEED.Tests.dll" adapterTypeName="Microsoft.VisualStudio.TestTools.TestTypes.Unit.UnitTestAdapter, Microsoft.VisualStudio.QualityTools.Tips.UnitTest.Adapter, Version=12.0.0.0, Culture=neutral, PublicKeyToken=b03f5f7f11d50a3a" className="DATAFEED.Tests.Arbo, DATAFEED.Tests, Version=1.0.0.0, Culture=neutral, PublicKeyToken=null" name="OnlyOneSubInColumns" />
    </UnitTest>
    <UnitTest name="TestEvoPeriodNotContinue" storage=".\datafeed.tests\bin\dev\datafeed.tests.dll" id="0e3bf825-e3c4-f233-cb73-cc0b68192b01">
      <Execution timeOut="1800000" id="466216a0-38b3-4f8f-8f2b-820108999759" />
      <TestMethod codeBase="E:/Jenkins/workspace/DataEngine/DATAFEED.Tests/DATAFEED.Tests/bin/Dev/DATAFEED.Tests.dll" adapterTypeName="Microsoft.VisualStudio.TestTools.TestTypes.Unit.UnitTestAdapter, Microsoft.VisualStudio.QualityTools.Tips.UnitTest.Adapter, Version=12.0.0.0, Culture=neutral, PublicKeyToken=b03f5f7f11d50a3a" className="DATAFEED.Tests.Evolution, DATAFEED.Tests, Version=1.0.0.0, Culture=neutral, PublicKeyToken=null" name="TestEvoPeriodNotContinue" />
    </UnitTest>
    <UnitTest name="ExtractMultiPeriod" storage=".\datafeed.tests\bin\dev\datafeed.tests.dll" id="0224e810-b215-34a9-b79c-236891da8aca">
      <Execution timeOut="1800000" id="3fe91afc-fa9d-4efc-876e-f0b2a750c19f" />
      <TestMethod codeBase="E:/Jenkins/workspace/DataEngine/DATAFEED.Tests/DATAFEED.Tests/bin/Dev/DATAFEED.Tests.dll" adapterTypeName="Microsoft.VisualStudio.TestTools.TestTypes.Unit.UnitTestAdapter, Microsoft.VisualStudio.QualityTools.Tips.UnitTest.Adapter, Version=12.0.0.0, Culture=neutral, PublicKeyToken=b03f5f7f11d50a3a" className="DATAFEED.Tests.Extract, DATAFEED.Tests, Version=1.0.0.0, Culture=neutral, PublicKeyToken=null" name="ExtractMultiPeriod" />
    </UnitTest>
    <UnitTest name="ShortcodeSiteGroup" storage=".\datafeed.tests\bin\dev\datafeed.tests.dll" id="0d0d9f7f-1c9b-cc17-313a-be22a3ec9bd3">
      <Execution timeOut="1800000" id="ad5ea54e-f460-42e0-b36a-5acfa1c3ea1f" />
      <TestMethod codeBase="E:/Jenkins/workspace/DataEngine/DATAFEED.Tests/DATAFEED.Tests/bin/Dev/DATAFEED.Tests.dll" adapterTypeName="Microsoft.VisualStudio.TestTools.TestTypes.Unit.UnitTestAdapter, Microsoft.VisualStudio.QualityTools.Tips.UnitTest.Adapter, Version=12.0.0.0, Culture=neutral, PublicKeyToken=b03f5f7f11d50a3a" className="DATAFEED.Tests.Shortcode, DATAFEED.Tests, Version=1.0.0.0, Culture=neutral, PublicKeyToken=null" name="ShortcodeSiteGroup" />
    </UnitTest>
    <UnitTest name="TestEvoCase2_3" storage=".\datafeed.tests\bin\dev\datafeed.tests.dll" id="cdfef5fa-1dc7-abfc-b877-082dca0f5d5d">
      <Execution timeOut="1800000" id="7607d8aa-7c3c-46b7-94fc-1bdab4ec82b6" />
      <TestMethod codeBase="E:/Jenkins/workspace/DataEngine/DATAFEED.Tests/DATAFEED.Tests/bin/Dev/DATAFEED.Tests.dll" adapterTypeName="Microsoft.VisualStudio.TestTools.TestTypes.Unit.UnitTestAdapter, Microsoft.VisualStudio.QualityTools.Tips.UnitTest.Adapter, Version=12.0.0.0, Culture=neutral, PublicKeyToken=b03f5f7f11d50a3a" className="DATAFEED.Tests.Evolution, DATAFEED.Tests, Version=1.0.0.0, Culture=neutral, PublicKeyToken=null" name="TestEvoCase2_3" />
    </UnitTest>
    <UnitTest name="HtmlRowCountMultiperiod" storage=".\datafeed.tests\bin\dev\datafeed.tests.dll" id="07e0b58d-c91c-41c6-36d5-5ba2c25f4d3c">
      <Execution timeOut="1800000" id="485b9b7f-53f3-4b12-8411-472135542152" />
      <TestMethod codeBase="E:/Jenkins/workspace/DataEngine/DATAFEED.Tests/DATAFEED.Tests/bin/Dev/DATAFEED.Tests.dll" adapterTypeName="Microsoft.VisualStudio.TestTools.TestTypes.Unit.UnitTestAdapter, Microsoft.VisualStudio.QualityTools.Tips.UnitTest.Adapter, Version=12.0.0.0, Culture=neutral, PublicKeyToken=b03f5f7f11d50a3a" className="DATAFEED.Tests.GetRowCount, DATAFEED.Tests, Version=1.0.0.0, Culture=neutral, PublicKeyToken=null" name="HtmlRowCountMultiperiod" />
    </UnitTest>
    <UnitTest name="CheckAccessGroup" storage=".\datafeed.tests\bin\dev\datafeed.tests.dll" id="85734924-eb2c-c8a2-a2d9-a2d7899ebdbb">
      <Execution timeOut="1800000" id="e0aa5f3a-332d-4893-a1d6-b4dde95afb59" />
      <TestMethod codeBase="E:/Jenkins/workspace/DataEngine/DATAFEED.Tests/DATAFEED.Tests/bin/Dev/DATAFEED.Tests.dll" adapterTypeName="Microsoft.VisualStudio.TestTools.TestTypes.Unit.UnitTestAdapter, Microsoft.VisualStudio.QualityTools.Tips.UnitTest.Adapter, Version=12.0.0.0, Culture=neutral, PublicKeyToken=b03f5f7f11d50a3a" className="DATAFEED.Tests.SiteGroup, DATAFEED.Tests, Version=1.0.0.0, Culture=neutral, PublicKeyToken=null" name="CheckAccessGroup" />
    </UnitTest>
    <UnitTest name="TestEvoInMultiPeriod" storage=".\datafeed.tests\bin\dev\datafeed.tests.dll" id="2c27f219-a081-99ba-a0e2-980dc3f60ffb">
      <Execution timeOut="1800000" id="e2a5cb70-f1c1-4bab-a5f3-9b8175fe5181" />
      <TestMethod codeBase="E:/Jenkins/workspace/DataEngine/DATAFEED.Tests/DATAFEED.Tests/bin/Dev/DATAFEED.Tests.dll" adapterTypeName="Microsoft.VisualStudio.TestTools.TestTypes.Unit.UnitTestAdapter, Microsoft.VisualStudio.QualityTools.Tips.UnitTest.Adapter, Version=12.0.0.0, Culture=neutral, PublicKeyToken=b03f5f7f11d50a3a" className="DATAFEED.Tests.Evolution, DATAFEED.Tests, Version=1.0.0.0, Culture=neutral, PublicKeyToken=null" name="TestEvoInMultiPeriod" />
    </UnitTest>
    <UnitTest name="BilanMultiSite" storage=".\datafeed.tests\bin\dev\datafeed.tests.dll" id="a9a7e763-8035-633b-c578-a032e67b6840">
      <Execution timeOut="1800000" id="4050461c-78e7-4d10-9147-f84701cef137" />
      <TestMethod codeBase="E:/Jenkins/workspace/DataEngine/DATAFEED.Tests/DATAFEED.Tests/bin/Dev/DATAFEED.Tests.dll" adapterTypeName="Microsoft.VisualStudio.TestTools.TestTypes.Unit.UnitTestAdapter, Microsoft.VisualStudio.QualityTools.Tips.UnitTest.Adapter, Version=12.0.0.0, Culture=neutral, PublicKeyToken=b03f5f7f11d50a3a" className="DATAFEED.Tests.SmartcacheDesc, DATAFEED.Tests, Version=1.0.0.0, Culture=neutral, PublicKeyToken=null" name="BilanMultiSite" />
    </UnitTest>
    <UnitTest name="WrongSyntaxInSub" storage=".\datafeed.tests\bin\dev\datafeed.tests.dll" id="39734adb-8ab4-a401-c964-114d38d746c8">
      <Execution timeOut="1800000" id="d19c2576-aea8-4693-9451-c9e70b6350cc" />
      <TestMethod codeBase="E:/Jenkins/workspace/DataEngine/DATAFEED.Tests/DATAFEED.Tests/bin/Dev/DATAFEED.Tests.dll" adapterTypeName="Microsoft.VisualStudio.TestTools.TestTypes.Unit.UnitTestAdapter, Microsoft.VisualStudio.QualityTools.Tips.UnitTest.Adapter, Version=12.0.0.0, Culture=neutral, PublicKeyToken=b03f5f7f11d50a3a" className="DATAFEED.Tests.Arbo, DATAFEED.Tests, Version=1.0.0.0, Culture=neutral, PublicKeyToken=null" name="WrongSyntaxInSub" />
    </UnitTest>
    <UnitTest name="LevelIsStandalone" storage=".\datafeed.tests\bin\dev\datafeed.tests.dll" id="9fdea585-e047-70ee-b16b-39e86e7a79ba">
      <Execution timeOut="1800000" id="7e0b9b64-4e03-4698-89a6-37938fe36d0d" />
      <TestMethod codeBase="E:/Jenkins/workspace/DataEngine/DATAFEED.Tests/DATAFEED.Tests/bin/Dev/DATAFEED.Tests.dll" adapterTypeName="Microsoft.VisualStudio.TestTools.TestTypes.Unit.UnitTestAdapter, Microsoft.VisualStudio.QualityTools.Tips.UnitTest.Adapter, Version=12.0.0.0, Culture=neutral, PublicKeyToken=b03f5f7f11d50a3a" className="DATAFEED.Tests.MultiSpace, DATAFEED.Tests, Version=1.0.0.0, Culture=neutral, PublicKeyToken=null" name="LevelIsStandalone" />
    </UnitTest>
    <UnitTest name="ContextTagInFirstPosition" storage=".\datafeed.tests\bin\dev\datafeed.tests.dll" id="2a4b3150-5540-ff7e-48fe-2c8012d0679a">
      <Execution timeOut="1800000" id="c14948dc-a568-4166-bea5-8aa8e338210c" />
      <TestMethod codeBase="E:/Jenkins/workspace/DataEngine/DATAFEED.Tests/DATAFEED.Tests/bin/Dev/DATAFEED.Tests.dll" adapterTypeName="Microsoft.VisualStudio.TestTools.TestTypes.Unit.UnitTestAdapter, Microsoft.VisualStudio.QualityTools.Tips.UnitTest.Adapter, Version=12.0.0.0, Culture=neutral, PublicKeyToken=b03f5f7f11d50a3a" className="DATAFEED.Tests.Context, DATAFEED.Tests, Version=1.0.0.0, Culture=neutral, PublicKeyToken=null" name="ContextTagInFirstPosition" />
    </UnitTest>
    <UnitTest name="MultiSpaceMaxResultLimit30" storage=".\datafeed.tests\bin\dev\datafeed.tests.dll" id="7d9c1e30-1a4c-a2f1-3169-ae76dc871a56">
      <Execution timeOut="1800000" id="2d3b2a62-4f69-4dd6-a84e-d0ec871f3434" />
      <TestMethod codeBase="E:/Jenkins/workspace/DataEngine/DATAFEED.Tests/DATAFEED.Tests/bin/Dev/DATAFEED.Tests.dll" adapterTypeName="Microsoft.VisualStudio.TestTools.TestTypes.Unit.UnitTestAdapter, Microsoft.VisualStudio.QualityTools.Tips.UnitTest.Adapter, Version=12.0.0.0, Culture=neutral, PublicKeyToken=b03f5f7f11d50a3a" className="DATAFEED.Tests.MultiSpace, DATAFEED.Tests, Version=1.0.0.0, Culture=neutral, PublicKeyToken=null" name="MultiSpaceMaxResultLimit30" />
    </UnitTest>
    <UnitTest name="ShortcodeV2EvoJsonTest" storage=".\datafeed.tests\bin\dev\datafeed.tests.dll" id="9111a2d4-bd7b-db8b-e78c-0783b3673c37">
      <Execution timeOut="1800000" id="fed16d5e-f84d-46c5-a677-60b84745d06a" />
      <TestMethod codeBase="E:/Jenkins/workspace/DataEngine/DATAFEED.Tests/DATAFEED.Tests/bin/Dev/DATAFEED.Tests.dll" adapterTypeName="Microsoft.VisualStudio.TestTools.TestTypes.Unit.UnitTestAdapter, Microsoft.VisualStudio.QualityTools.Tips.UnitTest.Adapter, Version=12.0.0.0, Culture=neutral, PublicKeyToken=b03f5f7f11d50a3a" className="DATAFEED.Tests.Shortcode, DATAFEED.Tests, Version=1.0.0.0, Culture=neutral, PublicKeyToken=null" name="ShortcodeV2EvoJsonTest" />
    </UnitTest>
    <UnitTest name="NoGroupWithSite" storage=".\datafeed.tests\bin\dev\datafeed.tests.dll" id="5b5604fd-d337-2d48-3b67-6b492e1319c2">
      <Execution timeOut="1800000" id="3da797da-97ac-4be4-b396-46b5c793d947" />
      <TestMethod codeBase="E:/Jenkins/workspace/DataEngine/DATAFEED.Tests/DATAFEED.Tests/bin/Dev/DATAFEED.Tests.dll" adapterTypeName="Microsoft.VisualStudio.TestTools.TestTypes.Unit.UnitTestAdapter, Microsoft.VisualStudio.QualityTools.Tips.UnitTest.Adapter, Version=12.0.0.0, Culture=neutral, PublicKeyToken=b03f5f7f11d50a3a" className="DATAFEED.Tests.SiteGroup, DATAFEED.Tests, Version=1.0.0.0, Culture=neutral, PublicKeyToken=null" name="NoGroupWithSite" />
    </UnitTest>
    <UnitTest name="CustomerTypeDecimal" storage=".\datafeed.tests\bin\dev\datafeed.tests.dll" id="2d80e955-ff75-c376-22a2-dff39d23a75c">
      <Execution timeOut="1800000" id="c2eb6e28-b4c2-4295-8d5a-c0650cdf7926" />
      <TestMethod codeBase="E:/Jenkins/workspace/DataEngine/DATAFEED.Tests/DATAFEED.Tests/bin/Dev/DATAFEED.Tests.dll" adapterTypeName="Microsoft.VisualStudio.TestTools.TestTypes.Unit.UnitTestAdapter, Microsoft.VisualStudio.QualityTools.Tips.UnitTest.Adapter, Version=12.0.0.0, Culture=neutral, PublicKeyToken=b03f5f7f11d50a3a" className="DATAFEED.Tests.CustomerType, DATAFEED.Tests, Version=1.0.0.0, Culture=neutral, PublicKeyToken=null" name="CustomerTypeDecimal" />
    </UnitTest>
    <UnitTest name="ErrorColumnHidden" storage=".\datafeed.tests\bin\dev\datafeed.tests.dll" id="a387ff47-27cb-752e-eaa2-1b0bfca9340c">
      <Execution timeOut="1800000" id="575c5314-a730-44cd-aba3-9f3bf1cacac1" />
      <TestMethod codeBase="E:/Jenkins/workspace/DataEngine/DATAFEED.Tests/DATAFEED.Tests/bin/Dev/DATAFEED.Tests.dll" adapterTypeName="Microsoft.VisualStudio.TestTools.TestTypes.Unit.UnitTestAdapter, Microsoft.VisualStudio.QualityTools.Tips.UnitTest.Adapter, Version=12.0.0.0, Culture=neutral, PublicKeyToken=b03f5f7f11d50a3a" className="DATAFEED.Tests.ColumnHidden, DATAFEED.Tests, Version=1.0.0.0, Culture=neutral, PublicKeyToken=null" name="ErrorColumnHidden" />
    </UnitTest>
    <UnitTest name="JsonRowCountMultispace" storage=".\datafeed.tests\bin\dev\datafeed.tests.dll" id="797b8d35-add3-c61f-f864-631afc21df8c">
      <Execution timeOut="1800000" id="a3f01b88-03cf-4672-bf9a-f7a40f8dc369" />
      <TestMethod codeBase="E:/Jenkins/workspace/DataEngine/DATAFEED.Tests/DATAFEED.Tests/bin/Dev/DATAFEED.Tests.dll" adapterTypeName="Microsoft.VisualStudio.TestTools.TestTypes.Unit.UnitTestAdapter, Microsoft.VisualStudio.QualityTools.Tips.UnitTest.Adapter, Version=12.0.0.0, Culture=neutral, PublicKeyToken=b03f5f7f11d50a3a" className="DATAFEED.Tests.GetRowCount, DATAFEED.Tests, Version=1.0.0.0, Culture=neutral, PublicKeyToken=null" name="JsonRowCountMultispace" />
    </UnitTest>
    <UnitTest name="MetricContainsSegmentTrue" storage=".\datafeed.tests\bin\dev\datafeed.tests.dll" id="dd2fcd1a-6c72-d3ee-1772-fa112d80f751">
      <Execution timeOut="1800000" id="9342620f-4540-4dda-ab0e-c4eb7286b837" />
      <TestMethod codeBase="E:/Jenkins/workspace/DataEngine/DATAFEED.Tests/DATAFEED.Tests/bin/Dev/DATAFEED.Tests.dll" adapterTypeName="Microsoft.VisualStudio.TestTools.TestTypes.Unit.UnitTestAdapter, Microsoft.VisualStudio.QualityTools.Tips.UnitTest.Adapter, Version=12.0.0.0, Culture=neutral, PublicKeyToken=b03f5f7f11d50a3a" className="DATAFEED.Tests.CustomMetric, DATAFEED.Tests, Version=1.0.0.0, Culture=neutral, PublicKeyToken=null" name="MetricContainsSegmentTrue" />
    </UnitTest>
    <UnitTest name="SiteMax50" storage=".\datafeed.tests\bin\dev\datafeed.tests.dll" id="70355f0f-dbe8-4382-8f08-ffc907ffe35e">
      <Execution timeOut="1800000" id="31da14ee-d3a6-4592-9578-acbbbd7c0254" />
      <TestMethod codeBase="E:/Jenkins/workspace/DataEngine/DATAFEED.Tests/DATAFEED.Tests/bin/Dev/DATAFEED.Tests.dll" adapterTypeName="Microsoft.VisualStudio.TestTools.TestTypes.Unit.UnitTestAdapter, Microsoft.VisualStudio.QualityTools.Tips.UnitTest.Adapter, Version=12.0.0.0, Culture=neutral, PublicKeyToken=b03f5f7f11d50a3a" className="DATAFEED.Tests.Space, DATAFEED.Tests, Version=1.0.0.0, Culture=neutral, PublicKeyToken=null" name="SiteMax50" />
    </UnitTest>
    <UnitTest name="MultiPeriodTimeAttributeNotAllowed" storage=".\datafeed.tests\bin\dev\datafeed.tests.dll" id="0a27d781-32f3-a887-424a-ab21bdbc993f">
      <Execution timeOut="1800000" id="cc59798e-788e-4269-8a58-aa07103342cb" />
      <TestMethod codeBase="E:/Jenkins/workspace/DataEngine/DATAFEED.Tests/DATAFEED.Tests/bin/Dev/DATAFEED.Tests.dll" adapterTypeName="Microsoft.VisualStudio.TestTools.TestTypes.Unit.UnitTestAdapter, Microsoft.VisualStudio.QualityTools.Tips.UnitTest.Adapter, Version=12.0.0.0, Culture=neutral, PublicKeyToken=b03f5f7f11d50a3a" className="DATAFEED.Tests.Period, DATAFEED.Tests, Version=1.0.0.0, Culture=neutral, PublicKeyToken=null" name="MultiPeriodTimeAttributeNotAllowed" />
    </UnitTest>
    <UnitTest name="RelativePeriodSyntaxError" storage=".\datafeed.tests\bin\dev\datafeed.tests.dll" id="9eac4a56-2588-08f3-91fd-3b31eef74ab2">
      <Execution timeOut="1800000" id="4850c40d-3bf1-4c56-b003-121645b382f4" />
      <TestMethod codeBase="E:/Jenkins/workspace/DataEngine/DATAFEED.Tests/DATAFEED.Tests/bin/Dev/DATAFEED.Tests.dll" adapterTypeName="Microsoft.VisualStudio.TestTools.TestTypes.Unit.UnitTestAdapter, Microsoft.VisualStudio.QualityTools.Tips.UnitTest.Adapter, Version=12.0.0.0, Culture=neutral, PublicKeyToken=b03f5f7f11d50a3a" className="DATAFEED.Tests.Period, DATAFEED.Tests, Version=1.0.0.0, Culture=neutral, PublicKeyToken=null" name="RelativePeriodSyntaxError" />
    </UnitTest>
    <UnitTest name="TestEvoMultiPeriodSimpleMultiDim" storage=".\datafeed.tests\bin\dev\datafeed.tests.dll" id="f654e391-d5dd-4076-48ba-01e5282fba3d">
      <Execution timeOut="1800000" id="a2619870-e014-4a4c-83cd-45d7ae326582" />
[...]
      <Output>
        <ErrorInfo>
          <Message>Assert.Inconclusive failed. #30105, pour un site on autorise pour l'instant un seul l2</Message>
          <StackTrace>   at DATAFEED.Tests.SiteLevel2.SiteLevel2Max50() in e:\Jenkins\workspace\DataEngine\DATAFEED.Tests\DATAFEED.Tests\SiteLevel2.cs:line 94
</StackTrace>
        </ErrorInfo>
      </Output>
    </UnitTestResult>
    <UnitTestResult executionId="73736e92-3a50-4ad9-80e1-93b64ac5c5db" testId="3a16aaf9-9f7b-e2a1-2ee4-2225643cab32" testName="UnknownSubkey" computerName="BDXBLD003" duration="00:00:00.2401483" startTime="2015-07-23T12:31:24.9612473+02:00" endTime="2015-07-23T12:31:25.2042520+02:00" testType="13cdc9d9-ddb5-4fa4-a97d-d965ccfc6d4b" outcome="Passed" testListId="8c84fa94-04c1-424b-9868-57a2d4851a1d" relativeResultsDirectory="73736e92-3a50-4ad9-80e1-93b64ac5c5db">
    </UnitTestResult>
    <UnitTestResult executionId="4050461c-78e7-4d10-9147-f84701cef137" testId="a9a7e763-8035-633b-c578-a032e67b6840" testName="BilanMultiSite" computerName="BDXBLD003" duration="00:00:03.3046245" startTime="2015-07-23T12:31:25.2092515+02:00" endTime="2015-07-23T12:31:28.5163140+02:00" testType="13cdc9d9-ddb5-4fa4-a97d-d965ccfc6d4b" outcome="Passed" testListId="8c84fa94-04c1-424b-9868-57a2d4851a1d" relativeResultsDirectory="4050461c-78e7-4d10-9147-f84701cef137">
    </UnitTestResult>
    <UnitTestResult executionId="8368578b-3292-468a-a2e0-d99b789c611a" testId="f96598ae-20d3-9ad3-8cd4-f5af86c72747" testName="BilanMultiSiteEvo" computerName="BDXBLD003" duration="00:00:02.2524460" startTime="2015-07-23T12:31:26.2982726+02:00" endTime="2015-07-23T12:31:28.5543162+02:00" testType="13cdc9d9-ddb5-4fa4-a97d-d965ccfc6d4b" outcome="Passed" testListId="8c84fa94-04c1-424b-9868-57a2d4851a1d" relativeResultsDirectory="8368578b-3292-468a-a2e0-d99b789c611a">
    </UnitTestResult>
    <UnitTestResult executionId="0a7a91ed-fa8d-45ea-91bd-a3fd3449e53e" testId="c46ddaf7-24db-e08c-b5e0-66f0f0f06f20" testName="BilanMultiSiteMultiPeriod" computerName="BDXBLD003" duration="00:00:05.2720884" startTime="2015-07-23T12:31:28.0443061+02:00" endTime="2015-07-23T12:31:33.3184084+02:00" testType="13cdc9d9-ddb5-4fa4-a97d-d965ccfc6d4b" outcome="Passed" testListId="8c84fa94-04c1-424b-9868-57a2d4851a1d" relativeResultsDirectory="0a7a91ed-fa8d-45ea-91bd-a3fd3449e53e">
    </UnitTestResult>
    <UnitTestResult executionId="e7177917-a301-4555-8d75-26e87cbd2e17" testId="0beb748f-45ba-c15c-ec6d-d38c7e0ca78d" testName="BilanSite" computerName="BDXBLD003" duration="00:00:00.5204226" startTime="2015-07-23T12:31:28.5183148+02:00" endTime="2015-07-23T12:31:29.0413256+02:00" testType="13cdc9d9-ddb5-4fa4-a97d-d965ccfc6d4b" outcome="Passed" testListId="8c84fa94-04c1-424b-9868-57a2d4851a1d" relativeResultsDirectory="e7177917-a301-4555-8d75-26e87cbd2e17">
    </UnitTestResult>
    <UnitTestResult executionId="e1220297-cc2d-4d8a-af0d-0a448ab9ea3c" testId="a51cf29d-602c-607a-3a7b-19a8a401434b" testName="BilanSiteMultiPeriodWithRowCount" computerName="BDXBLD003" duration="00:00:10.9777690" startTime="2015-07-23T12:31:28.5573174+02:00" endTime="2015-07-23T12:31:39.5365074+02:00" testType="13cdc9d9-ddb5-4fa4-a97d-d965ccfc6d4b" outcome="Passed" testListId="8c84fa94-04c1-424b-9868-57a2d4851a1d" relativeResultsDirectory="e1220297-cc2d-4d8a-af0d-0a448ab9ea3c">
    </UnitTestResult>
    <UnitTestResult executionId="2b35c9b1-66a8-4f63-a8ef-ab97b93ed2e2" testId="f225b951-1a01-7b06-a310-88f3b210469e" testName="GeoMultiSiteNoMaxdatePerf" computerName="BDXBLD003" duration="00:00:01.1527449" startTime="2015-07-23T12:31:29.0433266+02:00" endTime="2015-07-23T12:31:30.1993490+02:00" testType="13cdc9d9-ddb5-4fa4-a97d-d965ccfc6d4b" outcome="Passed" testListId="8c84fa94-04c1-424b-9868-57a2d4851a1d" relativeResultsDirectory="2b35c9b1-66a8-4f63-a8ef-ab97b93ed2e2">
    </UnitTestResult>
    <UnitTestResult executionId="572a4475-5b35-400d-a55e-a802abc64a23" testId="5184bc3f-d89d-1803-ff50-bec3bff521b1" testName="GeoMultiSiteNoRealTime" computerName="BDXBLD003" duration="00:00:01.0062084" startTime="2015-07-23T12:31:30.2053494+02:00" endTime="2015-07-23T12:31:31.2133706+02:00" testType="13cdc9d9-ddb5-4fa4-a97d-d965ccfc6d4b" outcome="Passed" testListId="8c84fa94-04c1-424b-9868-57a2d4851a1d" relativeResultsDirectory="572a4475-5b35-400d-a55e-a802abc64a23">
    </UnitTestResult>
    <UnitTestResult executionId="ac14bb75-53ae-462f-bfd7-1cf126147b1e" testId="979f37f1-304c-ed6b-89bf-dcb55df03f57" testName="EvoSmart" computerName="BDXBLD003" duration="00:00:00.3635112" startTime="2015-07-23T12:31:31.2233687+02:00" endTime="2015-07-23T12:31:31.5883749+02:00" testType="13cdc9d9-ddb5-4fa4-a97d-d965ccfc6d4b" outcome="Passed" testListId="8c84fa94-04c1-424b-9868-57a2d4851a1d" relativeResultsDirectory="ac14bb75-53ae-462f-bfd7-1cf126147b1e">
    </UnitTestResult>
    <UnitTestResult executionId="a651b3e8-68ae-41c7-9d11-8aff55201954" testId="48a4ad0b-e905-3835-c580-985b997b9011" testName="RatioSmart" computerName="BDXBLD003" duration="00:00:00.2764386" startTime="2015-07-23T12:31:31.5923752+02:00" endTime="2015-07-23T12:31:31.8693789+02:00" testType="13cdc9d9-ddb5-4fa4-a97d-d965ccfc6d4b" outcome="Passed" testListId="8c84fa94-04c1-424b-9868-57a2d4851a1d" relativeResultsDirectory="a651b3e8-68ae-41c7-9d11-8aff55201954">
    </UnitTestResult>
    <UnitTestResult executionId="bc9238f1-f837-4e1d-9f7f-ac7b9c38a0ee" testId="c41e44b5-34c8-4003-6d5f-5b91d52b9c30" testName="SimpleSmart" computerName="BDXBLD003" duration="00:00:00.2544379" startTime="2015-07-23T12:31:31.8783775+02:00" endTime="2015-07-23T12:31:32.1333832+02:00" testType="13cdc9d9-ddb5-4fa4-a97d-d965ccfc6d4b" outcome="Passed" testListId="8c84fa94-04c1-424b-9868-57a2d4851a1d" relativeResultsDirectory="bc9238f1-f837-4e1d-9f7f-ac7b9c38a0ee">
    </UnitTestResult>
    <UnitTestResult executionId="a73cf2a8-73da-48ba-b4ce-2d36824c59db" testId="dc38ecb9-8f5e-9d6b-1a69-064e0f969ab8" testName="VariationSmart" computerName="BDXBLD003" duration="00:00:00.2688123" startTime="2015-07-23T12:31:32.1373846+02:00" endTime="2015-07-23T12:31:32.4083899+02:00" testType="13cdc9d9-ddb5-4fa4-a97d-d965ccfc6d4b" outcome="Passed" testListId="8c84fa94-04c1-424b-9868-57a2d4851a1d" relativeResultsDirectory="a73cf2a8-73da-48ba-b4ce-2d36824c59db">
    </UnitTestResult>
    <UnitTestResult executionId="74d45bf7-0027-45f8-ab6c-0b58717a5670" testId="18c14b45-0bac-873a-dc20-5cb6c0354881" testName="BridgeMonoSpace" computerName="BDXBLD003" duration="00:00:06.3422477" startTime="2015-07-23T12:31:32.4183895+02:00" endTime="2015-07-23T12:31:38.7614894+02:00" testType="13cdc9d9-ddb5-4fa4-a97d-d965ccfc6d4b" outcome="Passed" testListId="8c84fa94-04c1-424b-9868-57a2d4851a1d" relativeResultsDirectory="74d45bf7-0027-45f8-ab6c-0b58717a5670">
    </UnitTestResult>
    <UnitTestResult executionId="714f967c-2307-4d0f-b196-429e599d1ae9" testId="ba13f1da-6e27-1706-7dc9-636aec322f7a" testName="CheckAccessMultiSite" computerName="BDXBLD003" duration="00:00:00.3014521" startTime="2015-07-23T12:31:33.3274081+02:00" endTime="2015-07-23T12:31:33.6314127+02:00" testType="13cdc9d9-ddb5-4fa4-a97d-d965ccfc6d4b" outcome="Passed" testListId="8c84fa94-04c1-424b-9868-57a2d4851a1d" relativeResultsDirectory="714f967c-2307-4d0f-b196-429e599d1ae9">
    </UnitTestResult>
    <UnitTestResult executionId="886c104b-0188-4688-9aef-17c4ff18c481" testId="a5b732dc-fae6-90a4-6921-140d662a4241" testName="CheckMultiSiteCM" computerName="BDXBLD003" duration="00:00:00.9321515" startTime="2015-07-23T12:31:33.6414144+02:00" endTime="2015-07-23T12:31:34.5814318+02:00" testType="13cdc9d9-ddb5-4fa4-a97d-d965ccfc6d4b" outcome="Passed" testListId="8c84fa94-04c1-424b-9868-57a2d4851a1d" relativeResultsDirectory="886c104b-0188-4688-9aef-17c4ff18c481">
    </UnitTestResult>
    <UnitTestResult executionId="1a9fb9e8-3ab4-4751-a8e3-2cd009eb6c65" testId="fe199e1a-f66b-2e56-007a-259e4461f00f" testName="CheckOptionMultiSite" computerName="BDXBLD003" duration="00:00:00.8720203" startTime="2015-07-23T12:31:34.5904325+02:00" endTime="2015-07-23T12:31:35.4674539+02:00" testType="13cdc9d9-ddb5-4fa4-a97d-d965ccfc6d4b" outcome="Passed" testListId="8c84fa94-04c1-424b-9868-57a2d4851a1d" relativeResultsDirectory="1a9fb9e8-3ab4-4751-a8e3-2cd009eb6c65">
    </UnitTestResult>
    <UnitTestResult executionId="0ac12070-b373-42ff-8b70-b4784671c7c5" testId="efcc7a50-00f9-438a-3394-626f8e33ef13" testName="DataMonoSpace" computerName="BDXBLD003" duration="00:00:00.5055518" startTime="2015-07-23T12:31:35.4514493+02:00" endTime="2015-07-23T12:31:35.9578463+02:00" testType="13cdc9d9-ddb5-4fa4-a97d-d965ccfc6d4b" outcome="Passed" testListId="8c84fa94-04c1-424b-9868-57a2d4851a1d" relativeResultsDirectory="0ac12070-b373-42ff-8b70-b4784671c7c5">
    </UnitTestResult>
    <UnitTestResult executionId="03885759-0e05-426b-bc70-adf1146f67f1" testId="557c23bc-8b39-81dc-3eaa-021bd76aa937" testName="DataMonoSpaceMultiSite" computerName="BDXBLD003" duration="00:00:02.2590537" startTime="2015-07-23T12:31:35.4684494+02:00" endTime="2015-07-23T12:31:37.7304710+02:00" testType="13cdc9d9-ddb5-4fa4-a97d-d965ccfc6d4b" outcome="Passed" testListId="8c84fa94-04c1-424b-9868-57a2d4851a1d" relativeResultsDirectory="03885759-0e05-426b-bc70-adf1146f67f1">
    </UnitTestResult>
    <UnitTestResult executionId="31da14ee-d3a6-4592-9578-acbbbd7c0254" testId="70355f0f-dbe8-4382-8f08-ffc907ffe35e" testName="SiteMax50" computerName="BDXBLD003" duration="00:00:02.7978890" startTime="2015-07-23T12:31:35.9628449+02:00" endTime="2015-07-23T12:31:38.7614894+02:00" testType="13cdc9d9-ddb5-4fa4-a97d-d965ccfc6d4b" outcome="Passed" testListId="8c84fa94-04c1-424b-9868-57a2d4851a1d" relativeResultsDirectory="31da14ee-d3a6-4592-9578-acbbbd7c0254">
    </UnitTestResult>
    <UnitTestResult executionId="6e1c2e61-e348-4e53-bfc9-eb9f90b73754" testId="febbed5c-6aca-d7ef-4ab9-db376e27449c" testName="SiteNoAccess" computerName="BDXBLD003" duration="00:00:00.3414251" startTime="2015-07-23T12:31:37.7344709+02:00" endTime="2015-07-23T12:31:38.0774755+02:00" testType="13cdc9d9-ddb5-4fa4-a97d-d965ccfc6d4b" outcome="Passed" testListId="8c84fa94-04c1-424b-9868-57a2d4851a1d" relativeResultsDirectory="6e1c2e61-e348-4e53-bfc9-eb9f90b73754">
    </UnitTestResult>
    <UnitTestResult executionId="04bbf816-0758-4d22-b7a1-ba250bb56f22" testId="dfe65cb1-7d2d-dc6b-f99c-461645d0a6a9" testName="SpaceNotOptional" computerName="BDXBLD003" duration="00:00:00.1382840" startTime="2015-07-23T12:31:38.0794759+02:00" endTime="2015-07-23T12:31:38.2284793+02:00" testType="13cdc9d9-ddb5-4fa4-a97d-d965ccfc6d4b" outcome="Passed" testListId="8c84fa94-04c1-424b-9868-57a2d4851a1d" relativeResultsDirectory="04bbf816-0758-4d22-b7a1-ba250bb56f22">
    </UnitTestResult>
    <UnitTestResult executionId="6fcc7a0a-b6a5-49b6-9eab-b93b9a6bbce3" testId="bdb0eb0c-5367-3d67-a55e-f4be523cd1ad" testName="UnknownSubkey" computerName="BDXBLD003" duration="00:00:00.2339085" startTime="2015-07-23T12:31:38.2334821+02:00" endTime="2015-07-23T12:31:38.4674860+02:00" testType="13cdc9d9-ddb5-4fa4-a97d-d965ccfc6d4b" outcome="Passed" testListId="8c84fa94-04c1-424b-9868-57a2d4851a1d" relativeResultsDirectory="6fcc7a0a-b6a5-49b6-9eab-b93b9a6bbce3">
    </UnitTestResult>
    <UnitTestResult executionId="97a4e12e-364d-41eb-9e3a-c6e3a525b694" testId="92a171e9-9e27-8916-9d0d-d683f81d6f4e" testName="SummablePiePageColumns" computerName="BDXBLD003" duration="00:00:09.8868039" startTime="2015-07-23T12:31:38.4715049+02:00" endTime="2015-07-23T12:31:48.3596730+02:00" testType="13cdc9d9-ddb5-4fa4-a97d-d965ccfc6d4b" outcome="Passed" testListId="8c84fa94-04c1-424b-9868-57a2d4851a1d" relativeResultsDirectory="97a4e12e-364d-41eb-9e3a-c6e3a525b694">
    </UnitTestResult>
    <UnitTestResult executionId="9307c398-5066-471d-94a4-d6f09cb770c6" testId="2c2436f0-9bdc-edd7-5421-c21c039f5c56" testName="SummablePieSourceColumns" computerName="BDXBLD003" duration="00:00:08.0774628" startTime="2015-07-23T12:31:38.7744894+02:00" endTime="2015-07-23T12:31:46.8566441+02:00" testType="13cdc9d9-ddb5-4fa4-a97d-d965ccfc6d4b" outcome="Passed" testListId="8c84fa94-04c1-424b-9868-57a2d4851a1d" relativeResultsDirectory="9307c398-5066-471d-94a4-d6f09cb770c6">
    </UnitTestResult>
    <UnitTestResult executionId="c23aa7ea-2f31-49bc-9a93-80f10c71bf35" testId="01a27ed2-fe99-0c64-e3bb-f938b5494161" testName="TotalAll" computerName="BDXBLD003" duration="00:00:03.8710246" startTime="2015-07-23T12:31:38.7844912+02:00" endTime="2015-07-23T12:31:42.6575639+02:00" testType="13cdc9d9-ddb5-4fa4-a97d-d965ccfc6d4b" outcome="Passed" testListId="8c84fa94-04c1-424b-9868-57a2d4851a1d" relativeResultsDirectory="c23aa7ea-2f31-49bc-9a93-80f10c71bf35">
    </UnitTestResult>
    <UnitTestResult executionId="d0bd0cdd-0185-4ab4-8f02-f6c14457f9c1" testId="1b2e56d0-23b7-f16e-3bad-1b5d69634dea" testName="TotalDisplayed" computerName="BDXBLD003" duration="00:00:16.6369962" startTime="2015-07-23T12:31:39.5435041+02:00" endTime="2015-07-23T12:31:56.1840195+02:00" testType="13cdc9d9-ddb5-4fa4-a97d-d965ccfc6d4b" outcome="Failed" testListId="8c84fa94-04c1-424b-9868-57a2d4851a1d" relativeResultsDirectory="d0bd0cdd-0185-4ab4-8f02-f6c14457f9c1">
      <Output>
        <ErrorInfo>
          <Message>Test method DATAFEED.Tests.Total.TotalDisplayed threw exception: 
System.Exception: AT-REQUEST:66fbc807-45d8-4e2d-87e3-4de8c4ba6cda
&lt;ErrorDetail&gt;
  &lt;ErrorCode&gt;1&lt;/ErrorCode&gt;
  &lt;ErrorMessage&gt;Unexpected Error&lt;/ErrorMessage&gt;
&lt;/ErrorDetail&gt;
 ---&gt; System.InvalidOperationException: There is an error in XML document (1, 2). ---&gt; System.InvalidOperationException: &lt;ErrorDetail xmlns=''&gt; was not expected.</Message>
          <StackTrace>    at Microsoft.Xml.Serialization.GeneratedAssembly.XmlSerializationReaderXmlDataFeedV1.Read14_DataFeed()
 --- End of inner exception stack trace ---
    at System.Xml.Serialization.XmlSerializer.Deserialize(XmlReader xmlReader, String encodingStyle, XmlDeserializationEvents events)
   at System.Xml.Serialization.XmlSerializer.Deserialize(Stream stream)
   at DATAFEED.Tests.HttpRequestHelper.XmlDeserialize[T]() in e:\Jenkins\workspace\DataEngine\DATAFEED.Tests\DATAFEED.Tests\Helper\HttpRequestHelper.cs:line 240
 --- End of inner exception stack trace ---
    at DATAFEED.Tests.HttpRequestHelper.XmlDeserialize[T]() in e:\Jenkins\workspace\DataEngine\DATAFEED.Tests\DATAFEED.Tests\Helper\HttpRequestHelper.cs:line 244
   at DATAFEED.Tests.Total.TotalDisplayed() in e:\Jenkins\workspace\DataEngine\DATAFEED.Tests\DATAFEED.Tests\Total.cs:line 15
</StackTrace>
        </ErrorInfo>
      </Output>
    </UnitTestResult>
    <UnitTestResult executionId="915a1684-0a56-414b-b553-7670544caff0" testId="149b0bf4-abd8-35a2-8078-97c0d4912281" testName="TotalDisplayedUnsommable" computerName="BDXBLD003" duration="00:00:06.2039675" startTime="2015-07-23T12:31:42.6595639+02:00" endTime="2015-07-23T12:31:48.8656820+02:00" testType="13cdc9d9-ddb5-4fa4-a97d-d965ccfc6d4b" outcome="Passed" testListId="8c84fa94-04c1-424b-9868-57a2d4851a1d" relativeResultsDirectory="915a1684-0a56-414b-b553-7670544caff0">
    </UnitTestResult>
    <UnitTestResult executionId="fa456f76-56a0-408e-9c39-b536dd63fac5" testId="7a7c4940-2274-a95b-696a-b6e52636112e" testName="TotalUnsommableComplex" computerName="BDXBLD003" duration="00:00:09.3217451" startTime="2015-07-23T12:31:46.8596419+02:00" endTime="2015-07-23T12:31:56.1840195+02:00" testType="13cdc9d9-ddb5-4fa4-a97d-d965ccfc6d4b" outcome="Failed" testListId="8c84fa94-04c1-424b-9868-57a2d4851a1d" relativeResultsDirectory="fa456f76-56a0-408e-9c39-b536dd63fac5">
      <Output>
        <ErrorInfo>
          <Message>Test method DATAFEED.Tests.Total.TotalUnsommableComplex threw exception: 
System.Exception: AT-REQUEST:590485c3-0043-4530-bf88-f0d4abe182fc
&lt;ErrorDetail&gt;
  &lt;ErrorCode&gt;1&lt;/ErrorCode&gt;
  &lt;ErrorMessage&gt;Unexpected Error&lt;/ErrorMessage&gt;
&lt;/ErrorDetail&gt;
 ---&gt; System.InvalidOperationException: There is an error in XML document (1, 2). ---&gt; System.InvalidOperationException: &lt;ErrorDetail xmlns=''&gt; was not expected.</Message>
          <StackTrace>    at Microsoft.Xml.Serialization.GeneratedAssembly.XmlSerializationReaderXmlDataFeedV1.Read14_DataFeed()
 --- End of inner exception stack trace ---
    at System.Xml.Serialization.XmlSerializer.Deserialize(XmlReader xmlReader, String encodingStyle, XmlDeserializationEvents events)
   at System.Xml.Serialization.XmlSerializer.Deserialize(Stream stream)
   at DATAFEED.Tests.HttpRequestHelper.XmlDeserialize[T]() in e:\Jenkins\workspace\DataEngine\DATAFEED.Tests\DATAFEED.Tests\Helper\HttpRequestHelper.cs:line 240
 --- End of inner exception stack trace ---
    at DATAFEED.Tests.HttpRequestHelper.XmlDeserialize[T]() in e:\Jenkins\workspace\DataEngine\DATAFEED.Tests\DATAFEED.Tests\Helper\HttpRequestHelper.cs:line 244
   at DATAFEED.Tests.Total.TotalUnsommableComplex() in e:\Jenkins\workspace\DataEngine\DATAFEED.Tests\DATAFEED.Tests\Total.cs:line 47
</StackTrace>
        </ErrorInfo>
      </Output>
    </UnitTestResult>
    <UnitTestResult executionId="7256229a-f020-4009-bff0-37b23f7dade9" testId="5260bf72-a697-4987-f679-6778e151d3cf" testName="VariationBounceRateTest" computerName="BDXBLD003" duration="00:00:01.1405672" startTime="2015-07-23T12:31:48.3626739+02:00" endTime="2015-07-23T12:31:49.5046949+02:00" testType="13cdc9d9-ddb5-4fa4-a97d-d965ccfc6d4b" outcome="Passed" testListId="8c84fa94-04c1-424b-9868-57a2d4851a1d" relativeResultsDirectory="7256229a-f020-4009-bff0-37b23f7dade9">
    </UnitTestResult>
    <UnitTestResult executionId="9d1655d5-5321-4ffa-9656-414cb92f90b3" testId="bbc0e239-45a8-7070-cb16-866c4b866b01" testName="VariationMultiPeriod" computerName="BDXBLD003" duration="00:00:01.3588433" startTime="2015-07-23T12:31:48.8656820+02:00" endTime="2015-07-23T12:31:50.2279031+02:00" testType="13cdc9d9-ddb5-4fa4-a97d-d965ccfc6d4b" outcome="Passed" testListId="8c84fa94-04c1-424b-9868-57a2d4851a1d" relativeResultsDirectory="9d1655d5-5321-4ffa-9656-414cb92f90b3">
    </UnitTestResult>
    <UnitTestResult executionId="7a906420-2627-4eb1-b6c4-694b33e5a184" testId="41cd5dd6-908f-93d1-b403-a0cd2d1c65c2" testName="VariationNotaNumberTest" computerName="BDXBLD003" duration="00:00:00.9876650" startTime="2015-07-23T12:31:49.5056946+02:00" endTime="2015-07-23T12:31:50.4939106+02:00" testType="13cdc9d9-ddb5-4fa4-a97d-d965ccfc6d4b" outcome="Passed" testListId="8c84fa94-04c1-424b-9868-57a2d4851a1d" relativeResultsDirectory="7a906420-2627-4eb1-b6c4-694b33e5a184">
    </UnitTestResult>
    <UnitTestResult executionId="86a2c613-9df9-47af-be4a-b848c957f890" testId="33a55f3c-09c3-ded3-cd1d-31d06229d778" testName="VariationVisitsTest" computerName="BDXBLD003" duration="00:00:00.8704727" startTime="2015-07-23T12:31:50.2289060+02:00" endTime="2015-07-23T12:31:51.1009213+02:00" testType="13cdc9d9-ddb5-4fa4-a97d-d965ccfc6d4b" outcome="Passed" testListId="8c84fa94-04c1-424b-9868-57a2d4851a1d" relativeResultsDirectory="86a2c613-9df9-47af-be4a-b848c957f890">
    </UnitTestResult>
    <UnitTestResult executionId="8a9b4243-575e-434f-8c5b-bd45ab2db111" testId="1f9d7569-8914-6a75-b000-f55c65ca760e" testName="VU_NoData" computerName="BDXBLD003" duration="00:00:03.3764093" startTime="2015-07-23T12:31:50.4949115+02:00" endTime="2015-07-23T12:31:53.8729741+02:00" testType="13cdc9d9-ddb5-4fa4-a97d-d965ccfc6d4b" outcome="Passed" testListId="8c84fa94-04c1-424b-9868-57a2d4851a1d" relativeResultsDirectory="8a9b4243-575e-434f-8c5b-bd45ab2db111">
    </UnitTestResult>
    <UnitTestResult executionId="d67417cd-3875-4cb9-a040-30c3559ca520" testId="dc3ba7b3-35f3-aac5-228e-cfee730251c9" testName="VU_WithData" computerName="BDXBLD003" duration="00:00:03.3023350" startTime="2015-07-23T12:31:51.1089201+02:00" endTime="2015-07-23T12:31:54.4119831+02:00" testType="13cdc9d9-ddb5-4fa4-a97d-d965ccfc6d4b" outcome="Passed" testListId="8c84fa94-04c1-424b-9868-57a2d4851a1d" relativeResultsDirectory="d67417cd-3875-4cb9-a040-30c3559ca520">
    </UnitTestResult>
  </Results>
</TestRun>